{"numTotalTestSuites":17,"numPassedTestSuites":16,"numFailedTestSuites":0,"numPendingTestSuites":1,"numTotalTests":25,"numPassedTests":22,"numFailedTests":0,"numPendingTests":0,"numTodoTests":0,"snapshot":{"added":0,"failure":false,"filesAdded":0,"filesRemoved":0,"filesRemovedList":[],"filesUnmatched":0,"filesUpdated":0,"matched":0,"total":0,"unchecked":0,"uncheckedKeysByFile":[],"unmatched":0,"updated":0,"didUpdate":false},"startTime":1772221003560,"success":true,"testResults":[{"assertionResults":[{"ancestorTitles":["Navigation"],"fullName":"Navigation renders navigation items","status":"passed","title":"renders navigation items","duration":40.0342999999998,"failureMessages":[],"meta":{}}],"startTime":1772221005598,"endTime":1772221005638.0342,"status":"passed","message":"","name":"C:/Users/kondu/OneDrive/Desktop/B.TECH/6 SEM/Software Engineering/FInal_Project/zero-vault-sprint-1/zero-vault-sprint-1/client/src/extension/components/Navigation.test.tsx"},{"assertionResults":[{"ancestorTitles":["syncService","calculateDelta"],"fullName":"syncService calculateDelta should return empty delta when no changes","status":"passed","title":"should return empty delta when no changes","duration":3.2988000000000284,"failureMessages":[],"meta":{}},{"ancestorTitles":["syncService","calculateDelta"],"fullName":"syncService calculateDelta should detect updated entries (version > baseVersion)","status":"passed","title":"should detect updated entries (version > baseVersion)","duration":0.6692000000000462,"failureMessages":[],"meta":{}},{"ancestorTitles":["syncService","calculateDelta"],"fullName":"syncService calculateDelta should include tombstones in updated array","status":"passed","title":"should include tombstones in updated array","duration":0.3028999999999087,"failureMessages":[],"meta":{}},{"ancestorTitles":["syncService","resolveConflicts"],"fullName":"syncService resolveConflicts should merge server additions","status":"passed","title":"should merge server additions","duration":0.40419999999994616,"failureMessages":[],"meta":{}},{"ancestorTitles":["syncService","resolveConflicts"],"fullName":"syncService resolveConflicts should resolve update conflict using Last Writer Wins (Server Wins)","status":"passed","title":"should resolve update conflict using Last Writer Wins (Server Wins)","duration":0.27949999999987085,"failureMessages":[],"meta":{}},{"ancestorTitles":["syncService","resolveConflicts"],"fullName":"syncService resolveConflicts should resolve update conflict using Last Writer Wins (Local Wins)","status":"passed","title":"should resolve update conflict using Last Writer Wins (Local Wins)","duration":0.2096000000001368,"failureMessages":[],"meta":{}}],"startTime":1772221005358,"endTime":1772221005364.2097,"status":"passed","message":"","name":"C:/Users/kondu/OneDrive/Desktop/B.TECH/6 SEM/Software Engineering/FInal_Project/zero-vault-sprint-1/zero-vault-sprint-1/client/src/shared/sync/sync.service.test.ts"},{"assertionResults":[{"ancestorTitles":["Password Utils","generatePassword"],"fullName":"Password Utils generatePassword should generate password of specified length","status":"passed","title":"should generate password of specified length","duration":2.7459000000001197,"failureMessages":[],"meta":{}},{"ancestorTitles":["Password Utils","generatePassword"],"fullName":"Password Utils generatePassword should include numbers when requested","status":"passed","title":"should include numbers when requested","duration":0.36599999999998545,"failureMessages":[],"meta":{}},{"ancestorTitles":["Password Utils","generatePassword"],"fullName":"Password Utils generatePassword should include symbols when requested","status":"passed","title":"should include symbols when requested","duration":0.3163999999999305,"failureMessages":[],"meta":{}},{"ancestorTitles":["Password Utils","generatePassword"],"fullName":"Password Utils generatePassword should generate unique passwords","status":"passed","title":"should generate unique passwords","duration":0.9690000000000509,"failureMessages":[],"meta":{}},{"ancestorTitles":["Password Utils","calculatePasswordStrength"],"fullName":"Password Utils calculatePasswordStrength should identify weak passwords","status":"passed","title":"should identify weak passwords","duration":0.7859000000000833,"failureMessages":[],"meta":{}},{"ancestorTitles":["Password Utils","calculatePasswordStrength"],"fullName":"Password Utils calculatePasswordStrength should identify strong passwords","status":"passed","title":"should identify strong passwords","duration":0.5168999999998505,"failureMessages":[],"meta":{}},{"ancestorTitles":["isCommonPassword"],"fullName":"isCommonPassword should return true for common passwords","status":"passed","title":"should return true for common passwords","duration":0.37010000000009313,"failureMessages":[],"meta":{}},{"ancestorTitles":["isCommonPassword"],"fullName":"isCommonPassword should return false for unique passwords","status":"passed","title":"should return false for unique passwords","duration":0.27289999999993597,"failureMessages":[],"meta":{}}],"startTime":1772221005376,"endTime":1772221005383.273,"status":"passed","message":"","name":"C:/Users/kondu/OneDrive/Desktop/B.TECH/6 SEM/Software Engineering/FInal_Project/zero-vault-sprint-1/zero-vault-sprint-1/client/src/shared/utils/password.test.ts"},{"assertionResults":[{"ancestorTitles":["calculatePasswordStrength"],"fullName":"calculatePasswordStrength should return score 0 for empty password","status":"passed","title":"should return score 0 for empty password","duration":1.4270000000001346,"failureMessages":[],"meta":{}},{"ancestorTitles":["calculatePasswordStrength"],"fullName":"calculatePasswordStrength should score 4 for a strong password","status":"passed","title":"should score 4 for a strong password","duration":0.3785000000000309,"failureMessages":[],"meta":{}},{"ancestorTitles":["calculatePasswordStrength"],"fullName":"calculatePasswordStrength should score lower for weak passwords","status":"passed","title":"should score lower for weak passwords","duration":0.3228999999998905,"failureMessages":[],"meta":{}}],"startTime":1772221005356,"endTime":1772221005357.427,"status":"passed","message":"","name":"C:/Users/kondu/OneDrive/Desktop/B.TECH/6 SEM/Software Engineering/FInal_Project/zero-vault-sprint-1/zero-vault-sprint-1/client/src/shared/utils/passwordStrength.test.ts"},{"assertionResults":[{"ancestorTitles":["AuthContext"],"fullName":"AuthContext should initialize with specific default state","status":"passed","title":"should initialize with specific default state","duration":20.306300000000192,"failureMessages":[],"meta":{}},{"ancestorTitles":["AuthContext"],"fullName":"AuthContext should handle successful login","status":"passed","title":"should handle successful login","duration":38.662399999999934,"failureMessages":[],"meta":{}},{"ancestorTitles":["AuthContext"],"fullName":"AuthContext should handle login failure","status":"passed","title":"should handle login failure","duration":8.440399999999954,"failureMessages":[],"meta":{}},{"ancestorTitles":["AuthContext"],"fullName":"AuthContext should handle logout","status":"passed","title":"should handle logout","duration":8.46810000000005,"failureMessages":[],"meta":{}}],"startTime":1772221005891,"endTime":1772221005967.468,"status":"passed","message":"","name":"C:/Users/kondu/OneDrive/Desktop/B.TECH/6 SEM/Software Engineering/FInal_Project/zero-vault-sprint-1/zero-vault-sprint-1/client/src/extension/popup/contexts/AuthContext.test.tsx"},{"assertionResults":[{"ancestorTitles":["VaultContext Integration"],"fullName":"VaultContext Integration should add an entry successfully","status":"pending","title":"should add an entry successfully","failureMessages":[],"meta":{}},{"ancestorTitles":["VaultContext Integration"],"fullName":"VaultContext Integration should mark entry as deleted (tombstone)","status":"pending","title":"should mark entry as deleted (tombstone)","failureMessages":[],"meta":{}},{"ancestorTitles":["VaultContext Integration"],"fullName":"VaultContext Integration should queue changes to outbox when offline","status":"pending","title":"should queue changes to outbox when offline","failureMessages":[],"meta":{}}],"startTime":1772221003560,"endTime":1772221003560,"status":"passed","message":"","name":"C:/Users/kondu/OneDrive/Desktop/B.TECH/6 SEM/Software Engineering/FInal_Project/zero-vault-sprint-1/zero-vault-sprint-1/client/src/extension/popup/contexts/VaultContext.test.tsx"}]}