{"C:\\Users\\kondu\\OneDrive\\Desktop\\B.TECH\\6 SEM\\Software Engineering\\FInal_Project\\zero-vault-sprint-1\\zero-vault-sprint-1\\client\\src\\extension\\components\\Navigation.tsx": {"path":"C:\\Users\\kondu\\OneDrive\\Desktop\\B.TECH\\6 SEM\\Software Engineering\\FInal_Project\\zero-vault-sprint-1\\zero-vault-sprint-1\\client\\src\\extension\\components\\Navigation.tsx","statementMap":{"0":{"start":{"line":15,"column":32},"end":{"line":15,"column":null}},"1":{"start":{"line":16,"column":22},"end":{"line":16,"column":null}},"2":{"start":{"line":17,"column":22},"end":{"line":17,"column":null}},"3":{"start":{"line":18,"column":31},"end":{"line":18,"column":null}},"4":{"start":{"line":20,"column":21},"end":{"line":26,"column":null}},"5":{"start":{"line":28,"column":28},"end":{"line":31,"column":null}},"6":{"start":{"line":29,"column":8},"end":{"line":29,"column":null}},"7":{"start":{"line":30,"column":8},"end":{"line":30,"column":null}},"8":{"start":{"line":33,"column":4},"end":{"line":70,"column":null}},"9":{"start":{"line":37,"column":20},"end":{"line":47,"column":null}},"10":{"start":{"line":39,"column":39},"end":{"line":39,"column":null}}},"fnMap":{"0":{"name":"Navigation","decl":{"start":{"line":14,"column":24},"end":{"line":14,"column":37}},"loc":{"start":{"line":14,"column":37},"end":{"line":72,"column":null}},"line":14},"1":{"name":"(anonymous_1)","decl":{"start":{"line":28,"column":28},"end":{"line":28,"column":34}},"loc":{"start":{"line":28,"column":34},"end":{"line":31,"column":null}},"line":28},"2":{"name":"(anonymous_2)","decl":{"start":{"line":36,"column":30},"end":{"line":36,"column":31}},"loc":{"start":{"line":37,"column":20},"end":{"line":47,"column":null}},"line":37},"3":{"name":"(anonymous_3)","decl":{"start":{"line":39,"column":33},"end":{"line":39,"column":39}},"loc":{"start":{"line":39,"column":39},"end":{"line":39,"column":null}},"line":39}},"branchMap":{"0":{"loc":{"start":{"line":40,"column":106},"end":{"line":42,"column":null}},"type":"cond-expr","locations":[{"start":{"line":41,"column":30},"end":{"line":41,"column":null}},{"start":{"line":42,"column":30},"end":{"line":42,"column":null}}],"line":40},"1":{"loc":{"start":{"line":56,"column":40},"end":{"line":56,"column":75}},"type":"cond-expr","locations":[{"start":{"line":56,"column":59},"end":{"line":56,"column":69}},{"start":{"line":56,"column":69},"end":{"line":56,"column":75}}],"line":56},"2":{"loc":{"start":{"line":58,"column":21},"end":{"line":58,"column":null}},"type":"cond-expr","locations":[{"start":{"line":58,"column":40},"end":{"line":58,"column":70}},{"start":{"line":58,"column":70},"end":{"line":58,"column":null}}],"line":58}},"s":{"0":1,"1":1,"2":1,"3":1,"4":1,"5":1,"6":0,"7":0,"8":1,"9":5,"10":0},"f":{"0":1,"1":0,"2":5,"3":0},"b":{"0":[1,4],"1":[1,0],"2":[1,0]},"meta":{"lastBranch":3,"lastFunction":4,"lastStatement":11,"seen":{"f:14:24:14:37":0,"s:15:32:15:Infinity":0,"s:16:22:16:Infinity":1,"s:17:22:17:Infinity":2,"s:18:31:18:Infinity":3,"s:20:21:26:Infinity":4,"s:28:28:31:Infinity":5,"f:28:28:28:34":1,"s:29:8:29:Infinity":6,"s:30:8:30:Infinity":7,"s:33:4:70:Infinity":8,"f:36:30:36:31":2,"s:37:20:47:Infinity":9,"f:39:33:39:39":3,"s:39:39:39:Infinity":10,"b:41:30:41:Infinity:42:30:42:Infinity":0,"b:56:59:56:69:56:69:56:75":1,"b:58:40:58:70:58:70:58:Infinity":2}}}
,"C:\\Users\\kondu\\OneDrive\\Desktop\\B.TECH\\6 SEM\\Software Engineering\\FInal_Project\\zero-vault-sprint-1\\zero-vault-sprint-1\\client\\src\\extension\\popup\\contexts\\AuthContext.tsx": {"path":"C:\\Users\\kondu\\OneDrive\\Desktop\\B.TECH\\6 SEM\\Software Engineering\\FInal_Project\\zero-vault-sprint-1\\zero-vault-sprint-1\\client\\src\\extension\\popup\\contexts\\AuthContext.tsx","statementMap":{"0":{"start":{"line":11,"column":6},"end":{"line":11,"column":null}},"1":{"start":{"line":13,"column":21},"end":{"line":13,"column":null}},"2":{"start":{"line":26,"column":69},"end":{"line":147,"column":null}},"3":{"start":{"line":27,"column":22},"end":{"line":27,"column":null}},"4":{"start":{"line":28,"column":26},"end":{"line":33,"column":null}},"5":{"start":{"line":35,"column":4},"end":{"line":59,"column":null}},"6":{"start":{"line":36,"column":31},"end":{"line":56,"column":null}},"7":{"start":{"line":37,"column":26},"end":{"line":37,"column":null}},"8":{"start":{"line":38,"column":30},"end":{"line":38,"column":null}},"9":{"start":{"line":40,"column":12},"end":{"line":55,"column":null}},"10":{"start":{"line":41,"column":16},"end":{"line":52,"column":null}},"11":{"start":{"line":42,"column":20},"end":{"line":47,"column":null}},"12":{"start":{"line":49,"column":20},"end":{"line":49,"column":null}},"13":{"start":{"line":50,"column":20},"end":{"line":50,"column":null}},"14":{"start":{"line":51,"column":20},"end":{"line":51,"column":null}},"15":{"start":{"line":51,"column":38},"end":{"line":51,"column":105}},"16":{"start":{"line":54,"column":16},"end":{"line":54,"column":null}},"17":{"start":{"line":54,"column":34},"end":{"line":54,"column":64}},"18":{"start":{"line":58,"column":8},"end":{"line":58,"column":null}},"19":{"start":{"line":61,"column":18},"end":{"line":93,"column":null}},"20":{"start":{"line":62,"column":8},"end":{"line":92,"column":null}},"21":{"start":{"line":63,"column":29},"end":{"line":67,"column":null}},"22":{"start":{"line":69,"column":25},"end":{"line":69,"column":null}},"23":{"start":{"line":71,"column":12},"end":{"line":73,"column":null}},"24":{"start":{"line":72,"column":16},"end":{"line":72,"column":null}},"25":{"start":{"line":75,"column":12},"end":{"line":75,"column":null}},"26":{"start":{"line":76,"column":12},"end":{"line":76,"column":null}},"27":{"start":{"line":78,"column":12},"end":{"line":78,"column":null}},"28":{"start":{"line":80,"column":12},"end":{"line":85,"column":null}},"29":{"start":{"line":87,"column":12},"end":{"line":87,"column":null}},"30":{"start":{"line":89,"column":24},"end":{"line":89,"column":null}},"31":{"start":{"line":90,"column":12},"end":{"line":90,"column":null}},"32":{"start":{"line":91,"column":12},"end":{"line":91,"column":null}},"33":{"start":{"line":95,"column":21},"end":{"line":127,"column":null}},"34":{"start":{"line":96,"column":8},"end":{"line":126,"column":null}},"35":{"start":{"line":97,"column":29},"end":{"line":101,"column":null}},"36":{"start":{"line":103,"column":25},"end":{"line":103,"column":null}},"37":{"start":{"line":105,"column":12},"end":{"line":107,"column":null}},"38":{"start":{"line":106,"column":16},"end":{"line":106,"column":null}},"39":{"start":{"line":109,"column":12},"end":{"line":109,"column":null}},"40":{"start":{"line":110,"column":12},"end":{"line":110,"column":null}},"41":{"start":{"line":112,"column":12},"end":{"line":112,"column":null}},"42":{"start":{"line":114,"column":12},"end":{"line":119,"column":null}},"43":{"start":{"line":121,"column":12},"end":{"line":121,"column":null}},"44":{"start":{"line":123,"column":24},"end":{"line":123,"column":null}},"45":{"start":{"line":124,"column":12},"end":{"line":124,"column":null}},"46":{"start":{"line":125,"column":12},"end":{"line":125,"column":null}},"47":{"start":{"line":129,"column":19},"end":{"line":140,"column":null}},"48":{"start":{"line":130,"column":8},"end":{"line":130,"column":null}},"49":{"start":{"line":131,"column":8},"end":{"line":131,"column":null}},"50":{"start":{"line":132,"column":8},"end":{"line":132,"column":null}},"51":{"start":{"line":133,"column":8},"end":{"line":138,"column":null}},"52":{"start":{"line":139,"column":8},"end":{"line":139,"column":null}},"53":{"start":{"line":142,"column":4},"end":{"line":145,"column":null}},"54":{"start":{"line":159,"column":23},"end":{"line":163,"column":null}},"55":{"start":{"line":160,"column":10},"end":{"line":160,"column":null}},"56":{"start":{"line":161,"column":4},"end":{"line":161,"column":null}},"57":{"start":{"line":161,"column":18},"end":{"line":161,"column":null}},"58":{"start":{"line":162,"column":4},"end":{"line":162,"column":null}}},"fnMap":{"0":{"name":"(anonymous_0)","decl":{"start":{"line":26,"column":69},"end":{"line":26,"column":70}},"loc":{"start":{"line":26,"column":87},"end":{"line":147,"column":null}},"line":26},"1":{"name":"(anonymous_1)","decl":{"start":{"line":35,"column":14},"end":{"line":35,"column":20}},"loc":{"start":{"line":35,"column":20},"end":{"line":59,"column":7}},"line":35},"2":{"name":"(anonymous_2)","decl":{"start":{"line":36,"column":31},"end":{"line":36,"column":43}},"loc":{"start":{"line":36,"column":43},"end":{"line":56,"column":null}},"line":36},"3":{"name":"(anonymous_3)","decl":{"start":{"line":51,"column":29},"end":{"line":51,"column":38}},"loc":{"start":{"line":51,"column":38},"end":{"line":51,"column":105}},"line":51},"4":{"name":"(anonymous_4)","decl":{"start":{"line":54,"column":25},"end":{"line":54,"column":34}},"loc":{"start":{"line":54,"column":34},"end":{"line":54,"column":64}},"line":54},"5":{"name":"(anonymous_5)","decl":{"start":{"line":61,"column":18},"end":{"line":61,"column":25}},"loc":{"start":{"line":61,"column":61},"end":{"line":93,"column":null}},"line":61},"6":{"name":"(anonymous_6)","decl":{"start":{"line":95,"column":21},"end":{"line":95,"column":28}},"loc":{"start":{"line":95,"column":86},"end":{"line":127,"column":null}},"line":95},"7":{"name":"(anonymous_7)","decl":{"start":{"line":129,"column":19},"end":{"line":129,"column":25}},"loc":{"start":{"line":129,"column":25},"end":{"line":140,"column":null}},"line":129},"8":{"name":"(anonymous_8)","decl":{"start":{"line":159,"column":23},"end":{"line":159,"column":29}},"loc":{"start":{"line":159,"column":29},"end":{"line":163,"column":null}},"line":159}},"branchMap":{"0":{"loc":{"start":{"line":40,"column":12},"end":{"line":55,"column":null}},"type":"if","locations":[{"start":{"line":40,"column":12},"end":{"line":55,"column":null}},{"start":{"line":53,"column":19},"end":{"line":55,"column":null}}],"line":40},"1":{"loc":{"start":{"line":40,"column":16},"end":{"line":40,"column":36}},"type":"binary-expr","locations":[{"start":{"line":40,"column":16},"end":{"line":40,"column":25}},{"start":{"line":40,"column":25},"end":{"line":40,"column":36}}],"line":40},"2":{"loc":{"start":{"line":71,"column":12},"end":{"line":73,"column":null}},"type":"if","locations":[{"start":{"line":71,"column":12},"end":{"line":73,"column":null}},{"start":{},"end":{}}],"line":71},"3":{"loc":{"start":{"line":72,"column":32},"end":{"line":72,"column":60}},"type":"binary-expr","locations":[{"start":{"line":72,"column":32},"end":{"line":72,"column":46}},{"start":{"line":72,"column":46},"end":{"line":72,"column":60}}],"line":72},"4":{"loc":{"start":{"line":89,"column":24},"end":{"line":89,"column":null}},"type":"cond-expr","locations":[{"start":{"line":89,"column":49},"end":{"line":89,"column":65}},{"start":{"line":89,"column":65},"end":{"line":89,"column":null}}],"line":89},"5":{"loc":{"start":{"line":105,"column":12},"end":{"line":107,"column":null}},"type":"if","locations":[{"start":{"line":105,"column":12},"end":{"line":107,"column":null}},{"start":{},"end":{}}],"line":105},"6":{"loc":{"start":{"line":106,"column":32},"end":{"line":106,"column":67}},"type":"binary-expr","locations":[{"start":{"line":106,"column":32},"end":{"line":106,"column":46}},{"start":{"line":106,"column":46},"end":{"line":106,"column":67}}],"line":106},"7":{"loc":{"start":{"line":123,"column":24},"end":{"line":123,"column":null}},"type":"cond-expr","locations":[{"start":{"line":123,"column":49},"end":{"line":123,"column":65}},{"start":{"line":123,"column":65},"end":{"line":123,"column":null}}],"line":123},"8":{"loc":{"start":{"line":161,"column":4},"end":{"line":161,"column":null}},"type":"if","locations":[{"start":{"line":161,"column":4},"end":{"line":161,"column":null}},{"start":{},"end":{}}],"line":161}},"s":{"0":2,"1":2,"2":2,"3":10,"4":10,"5":10,"6":4,"7":4,"8":4,"9":4,"10":1,"11":1,"12":0,"13":0,"14":0,"15":0,"16":3,"17":3,"18":4,"19":10,"20":2,"21":2,"22":2,"23":2,"24":1,"25":1,"26":1,"27":1,"28":1,"29":1,"30":1,"31":1,"32":1,"33":10,"34":0,"35":0,"36":0,"37":0,"38":0,"39":0,"40":0,"41":0,"42":0,"43":0,"44":0,"45":0,"46":0,"47":10,"48":1,"49":1,"50":1,"51":1,"52":1,"53":10,"54":2,"55":10,"56":10,"57":0,"58":10},"f":{"0":10,"1":4,"2":4,"3":0,"4":3,"5":2,"6":0,"7":1,"8":10},"b":{"0":[1,3],"1":[4,1],"2":[1,1],"3":[1,0],"4":[1,0],"5":[0,0],"6":[0,0],"7":[0,0],"8":[0,10]},"meta":{"lastBranch":9,"lastFunction":9,"lastStatement":59,"seen":{"s:11:6:11:Infinity":0,"s:13:21:13:Infinity":1,"s:26:69:147:Infinity":2,"f:26:69:26:70":0,"s:27:22:27:Infinity":3,"s:28:26:33:Infinity":4,"s:35:4:59:Infinity":5,"f:35:14:35:20":1,"s:36:31:56:Infinity":6,"f:36:31:36:43":2,"s:37:26:37:Infinity":7,"s:38:30:38:Infinity":8,"b:40:12:55:Infinity:53:19:55:Infinity":0,"s:40:12:55:Infinity":9,"b:40:16:40:25:40:25:40:36":1,"s:41:16:52:Infinity":10,"s:42:20:47:Infinity":11,"s:49:20:49:Infinity":12,"s:50:20:50:Infinity":13,"s:51:20:51:Infinity":14,"f:51:29:51:38":3,"s:51:38:51:105":15,"s:54:16:54:Infinity":16,"f:54:25:54:34":4,"s:54:34:54:64":17,"s:58:8:58:Infinity":18,"s:61:18:93:Infinity":19,"f:61:18:61:25":5,"s:62:8:92:Infinity":20,"s:63:29:67:Infinity":21,"s:69:25:69:Infinity":22,"b:71:12:73:Infinity:undefined:undefined:undefined:undefined":2,"s:71:12:73:Infinity":23,"s:72:16:72:Infinity":24,"b:72:32:72:46:72:46:72:60":3,"s:75:12:75:Infinity":25,"s:76:12:76:Infinity":26,"s:78:12:78:Infinity":27,"s:80:12:85:Infinity":28,"s:87:12:87:Infinity":29,"s:89:24:89:Infinity":30,"b:89:49:89:65:89:65:89:Infinity":4,"s:90:12:90:Infinity":31,"s:91:12:91:Infinity":32,"s:95:21:127:Infinity":33,"f:95:21:95:28":6,"s:96:8:126:Infinity":34,"s:97:29:101:Infinity":35,"s:103:25:103:Infinity":36,"b:105:12:107:Infinity:undefined:undefined:undefined:undefined":5,"s:105:12:107:Infinity":37,"s:106:16:106:Infinity":38,"b:106:32:106:46:106:46:106:67":6,"s:109:12:109:Infinity":39,"s:110:12:110:Infinity":40,"s:112:12:112:Infinity":41,"s:114:12:119:Infinity":42,"s:121:12:121:Infinity":43,"s:123:24:123:Infinity":44,"b:123:49:123:65:123:65:123:Infinity":7,"s:124:12:124:Infinity":45,"s:125:12:125:Infinity":46,"s:129:19:140:Infinity":47,"f:129:19:129:25":7,"s:130:8:130:Infinity":48,"s:131:8:131:Infinity":49,"s:132:8:132:Infinity":50,"s:133:8:138:Infinity":51,"s:139:8:139:Infinity":52,"s:142:4:145:Infinity":53,"s:159:23:163:Infinity":54,"f:159:23:159:29":8,"s:160:10:160:Infinity":55,"b:161:4:161:Infinity:undefined:undefined:undefined:undefined":8,"s:161:4:161:Infinity":56,"s:161:18:161:Infinity":57,"s:162:4:162:Infinity":58}}}
,"C:\\Users\\kondu\\OneDrive\\Desktop\\B.TECH\\6 SEM\\Software Engineering\\FInal_Project\\zero-vault-sprint-1\\zero-vault-sprint-1\\client\\src\\extension\\popup\\contexts\\ToastContext.tsx": {"path":"C:\\Users\\kondu\\OneDrive\\Desktop\\B.TECH\\6 SEM\\Software Engineering\\FInal_Project\\zero-vault-sprint-1\\zero-vault-sprint-1\\client\\src\\extension\\popup\\contexts\\ToastContext.tsx","statementMap":{"0":{"start":{"line":28,"column":6},"end":{"line":28,"column":null}},"1":{"start":{"line":37,"column":28},"end":{"line":37,"column":null}},"2":{"start":{"line":39,"column":22},"end":{"line":50,"column":null}},"3":{"start":{"line":40,"column":19},"end":{"line":40,"column":null}},"4":{"start":{"line":41,"column":29},"end":{"line":41,"column":null}},"5":{"start":{"line":43,"column":8},"end":{"line":43,"column":null}},"6":{"start":{"line":43,"column":26},"end":{"line":43,"column":42}},"7":{"start":{"line":45,"column":8},"end":{"line":49,"column":null}},"8":{"start":{"line":46,"column":12},"end":{"line":48,"column":null}},"9":{"start":{"line":47,"column":16},"end":{"line":47,"column":null}},"10":{"start":{"line":52,"column":24},"end":{"line":54,"column":null}},"11":{"start":{"line":53,"column":8},"end":{"line":53,"column":null}},"12":{"start":{"line":53,"column":26},"end":{"line":53,"column":55}},"13":{"start":{"line":53,"column":43},"end":{"line":53,"column":54}},"14":{"start":{"line":56,"column":20},"end":{"line":67,"column":null}},"15":{"start":{"line":57,"column":8},"end":{"line":66,"column":null}},"16":{"start":{"line":59,"column":16},"end":{"line":59,"column":null}},"17":{"start":{"line":61,"column":16},"end":{"line":61,"column":null}},"18":{"start":{"line":63,"column":16},"end":{"line":63,"column":null}},"19":{"start":{"line":65,"column":16},"end":{"line":65,"column":null}},"20":{"start":{"line":69,"column":22},"end":{"line":80,"column":null}},"21":{"start":{"line":70,"column":8},"end":{"line":79,"column":null}},"22":{"start":{"line":72,"column":16},"end":{"line":72,"column":null}},"23":{"start":{"line":74,"column":16},"end":{"line":74,"column":null}},"24":{"start":{"line":76,"column":16},"end":{"line":76,"column":null}},"25":{"start":{"line":78,"column":16},"end":{"line":78,"column":null}},"26":{"start":{"line":82,"column":4},"end":{"line":109,"column":null}},"27":{"start":{"line":90,"column":24},"end":{"line":105,"column":null}},"28":{"start":{"line":100,"column":47},"end":{"line":100,"column":null}},"29":{"start":{"line":118,"column":10},"end":{"line":118,"column":null}},"30":{"start":{"line":119,"column":4},"end":{"line":121,"column":null}},"31":{"start":{"line":120,"column":8},"end":{"line":120,"column":null}},"32":{"start":{"line":122,"column":4},"end":{"line":122,"column":null}}},"fnMap":{"0":{"name":"ToastProvider","decl":{"start":{"line":36,"column":16},"end":{"line":36,"column":30}},"loc":{"start":{"line":36,"column":69},"end":{"line":111,"column":null}},"line":36},"1":{"name":"(anonymous_1)","decl":{"start":{"line":39,"column":22},"end":{"line":39,"column":23}},"loc":{"start":{"line":39,"column":94},"end":{"line":50,"column":null}},"line":39},"2":{"name":"(anonymous_2)","decl":{"start":{"line":43,"column":18},"end":{"line":43,"column":26}},"loc":{"start":{"line":43,"column":26},"end":{"line":43,"column":42}},"line":43},"3":{"name":"(anonymous_3)","decl":{"start":{"line":46,"column":23},"end":{"line":46,"column":29}},"loc":{"start":{"line":46,"column":29},"end":{"line":48,"column":15}},"line":46},"4":{"name":"(anonymous_4)","decl":{"start":{"line":52,"column":24},"end":{"line":52,"column":25}},"loc":{"start":{"line":52,"column":40},"end":{"line":54,"column":null}},"line":52},"5":{"name":"(anonymous_5)","decl":{"start":{"line":53,"column":18},"end":{"line":53,"column":26}},"loc":{"start":{"line":53,"column":26},"end":{"line":53,"column":55}},"line":53},"6":{"name":"(anonymous_6)","decl":{"start":{"line":53,"column":38},"end":{"line":53,"column":43}},"loc":{"start":{"line":53,"column":43},"end":{"line":53,"column":54}},"line":53},"7":{"name":"(anonymous_7)","decl":{"start":{"line":56,"column":20},"end":{"line":56,"column":21}},"loc":{"start":{"line":56,"column":41},"end":{"line":67,"column":null}},"line":56},"8":{"name":"(anonymous_8)","decl":{"start":{"line":69,"column":22},"end":{"line":69,"column":23}},"loc":{"start":{"line":69,"column":43},"end":{"line":80,"column":null}},"line":69},"9":{"name":"(anonymous_9)","decl":{"start":{"line":89,"column":32},"end":{"line":89,"column":null}},"loc":{"start":{"line":90,"column":24},"end":{"line":105,"column":null}},"line":90},"10":{"name":"(anonymous_10)","decl":{"start":{"line":100,"column":41},"end":{"line":100,"column":47}},"loc":{"start":{"line":100,"column":47},"end":{"line":100,"column":null}},"line":100},"11":{"name":"useToast","decl":{"start":{"line":117,"column":16},"end":{"line":117,"column":27}},"loc":{"start":{"line":117,"column":27},"end":{"line":123,"column":null}},"line":117}},"branchMap":{"0":{"loc":{"start":{"line":39,"column":40},"end":{"line":39,"column":66}},"type":"default-arg","locations":[{"start":{"line":39,"column":58},"end":{"line":39,"column":66}}],"line":39},"1":{"loc":{"start":{"line":39,"column":66},"end":{"line":39,"column":94}},"type":"default-arg","locations":[{"start":{"line":39,"column":85},"end":{"line":39,"column":94}}],"line":39},"2":{"loc":{"start":{"line":45,"column":8},"end":{"line":49,"column":null}},"type":"if","locations":[{"start":{"line":45,"column":8},"end":{"line":49,"column":null}},{"start":{},"end":{}}],"line":45},"3":{"loc":{"start":{"line":57,"column":8},"end":{"line":66,"column":null}},"type":"switch","locations":[{"start":{"line":58,"column":12},"end":{"line":59,"column":null}},{"start":{"line":60,"column":12},"end":{"line":61,"column":null}},{"start":{"line":62,"column":12},"end":{"line":63,"column":null}},{"start":{"line":64,"column":12},"end":{"line":65,"column":null}}],"line":57},"4":{"loc":{"start":{"line":70,"column":8},"end":{"line":79,"column":null}},"type":"switch","locations":[{"start":{"line":71,"column":12},"end":{"line":72,"column":null}},{"start":{"line":73,"column":12},"end":{"line":74,"column":null}},{"start":{"line":75,"column":12},"end":{"line":76,"column":null}},{"start":{"line":77,"column":12},"end":{"line":78,"column":null}}],"line":70},"5":{"loc":{"start":{"line":119,"column":4},"end":{"line":121,"column":null}},"type":"if","locations":[{"start":{"line":119,"column":4},"end":{"line":121,"column":null}},{"start":{},"end":{}}],"line":119}},"s":{"0":2,"1":16,"2":16,"3":10,"4":10,"5":10,"6":10,"7":10,"8":10,"9":0,"10":16,"11":0,"12":0,"13":0,"14":16,"15":16,"16":15,"17":0,"18":0,"19":1,"20":16,"21":16,"22":15,"23":0,"24":0,"25":1,"26":16,"27":16,"28":0,"29":29,"30":29,"31":0,"32":29},"f":{"0":16,"1":10,"2":10,"3":0,"4":0,"5":0,"6":0,"7":16,"8":16,"9":16,"10":0,"11":29},"b":{"0":[10],"1":[10],"2":[10,0],"3":[15,0,0,1],"4":[15,0,0,1],"5":[0,29]},"meta":{"lastBranch":6,"lastFunction":12,"lastStatement":33,"seen":{"s:28:6:28:Infinity":0,"f:36:16:36:30":0,"s:37:28:37:Infinity":1,"s:39:22:50:Infinity":2,"f:39:22:39:23":1,"b:39:58:39:66":0,"b:39:85:39:94":1,"s:40:19:40:Infinity":3,"s:41:29:41:Infinity":4,"s:43:8:43:Infinity":5,"f:43:18:43:26":2,"s:43:26:43:42":6,"b:45:8:49:Infinity:undefined:undefined:undefined:undefined":2,"s:45:8:49:Infinity":7,"s:46:12:48:Infinity":8,"f:46:23:46:29":3,"s:47:16:47:Infinity":9,"s:52:24:54:Infinity":10,"f:52:24:52:25":4,"s:53:8:53:Infinity":11,"f:53:18:53:26":5,"s:53:26:53:55":12,"f:53:38:53:43":6,"s:53:43:53:54":13,"s:56:20:67:Infinity":14,"f:56:20:56:21":7,"b:58:12:59:Infinity:60:12:61:Infinity:62:12:63:Infinity:64:12:65:Infinity":3,"s:57:8:66:Infinity":15,"s:59:16:59:Infinity":16,"s:61:16:61:Infinity":17,"s:63:16:63:Infinity":18,"s:65:16:65:Infinity":19,"s:69:22:80:Infinity":20,"f:69:22:69:23":8,"b:71:12:72:Infinity:73:12:74:Infinity:75:12:76:Infinity:77:12:78:Infinity":4,"s:70:8:79:Infinity":21,"s:72:16:72:Infinity":22,"s:74:16:74:Infinity":23,"s:76:16:76:Infinity":24,"s:78:16:78:Infinity":25,"s:82:4:109:Infinity":26,"f:89:32:89:Infinity":9,"s:90:24:105:Infinity":27,"f:100:41:100:47":10,"s:100:47:100:Infinity":28,"f:117:16:117:27":11,"s:118:10:118:Infinity":29,"b:119:4:121:Infinity:undefined:undefined:undefined:undefined":5,"s:119:4:121:Infinity":30,"s:120:8:120:Infinity":31,"s:122:4:122:Infinity":32}}}
,"C:\\Users\\kondu\\OneDrive\\Desktop\\B.TECH\\6 SEM\\Software Engineering\\FInal_Project\\zero-vault-sprint-1\\zero-vault-sprint-1\\client\\src\\extension\\popup\\contexts\\VaultContext.tsx": {"path":"C:\\Users\\kondu\\OneDrive\\Desktop\\B.TECH\\6 SEM\\Software Engineering\\FInal_Project\\zero-vault-sprint-1\\zero-vault-sprint-1\\client\\src\\extension\\popup\\contexts\\VaultContext.tsx","statementMap":{"0":{"start":{"line":22,"column":6},"end":{"line":22,"column":null}},"1":{"start":{"line":24,"column":21},"end":{"line":24,"column":null}},"2":{"start":{"line":39,"column":70},"end":{"line":406,"column":null}},"3":{"start":{"line":40,"column":22},"end":{"line":40,"column":null}},"4":{"start":{"line":41,"column":24},"end":{"line":41,"column":null}},"5":{"start":{"line":42,"column":30},"end":{"line":42,"column":null}},"6":{"start":{"line":43,"column":40},"end":{"line":43,"column":null}},"7":{"start":{"line":44,"column":42},"end":{"line":44,"column":null}},"8":{"start":{"line":45,"column":34},"end":{"line":45,"column":null}},"9":{"start":{"line":46,"column":32},"end":{"line":46,"column":null}},"10":{"start":{"line":47,"column":34},"end":{"line":47,"column":null}},"11":{"start":{"line":48,"column":40},"end":{"line":48,"column":null}},"12":{"start":{"line":49,"column":36},"end":{"line":49,"column":null}},"13":{"start":{"line":50,"column":28},"end":{"line":50,"column":null}},"14":{"start":{"line":51,"column":40},"end":{"line":51,"column":null}},"15":{"start":{"line":52,"column":19},"end":{"line":52,"column":null}},"16":{"start":{"line":54,"column":10},"end":{"line":62,"column":null}},"17":{"start":{"line":55,"column":8},"end":{"line":55,"column":null}},"18":{"start":{"line":55,"column":26},"end":{"line":55,"column":null}},"19":{"start":{"line":56,"column":8},"end":{"line":56,"column":null}},"20":{"start":{"line":56,"column":23},"end":{"line":56,"column":null}},"21":{"start":{"line":57,"column":8},"end":{"line":57,"column":null}},"22":{"start":{"line":57,"column":23},"end":{"line":57,"column":null}},"23":{"start":{"line":58,"column":8},"end":{"line":58,"column":null}},"24":{"start":{"line":58,"column":31},"end":{"line":58,"column":null}},"25":{"start":{"line":60,"column":8},"end":{"line":60,"column":null}},"26":{"start":{"line":60,"column":42},"end":{"line":60,"column":null}},"27":{"start":{"line":61,"column":8},"end":{"line":61,"column":null}},"28":{"start":{"line":65,"column":4},"end":{"line":142,"column":null}},"29":{"start":{"line":66,"column":32},"end":{"line":139,"column":null}},"30":{"start":{"line":67,"column":12},"end":{"line":67,"column":null}},"31":{"start":{"line":67,"column":25},"end":{"line":67,"column":null}},"32":{"start":{"line":70,"column":35},"end":{"line":70,"column":null}},"33":{"start":{"line":71,"column":85},"end":{"line":71,"column":null}},"34":{"start":{"line":72,"column":12},"end":{"line":79,"column":null}},"35":{"start":{"line":73,"column":16},"end":{"line":78,"column":null}},"36":{"start":{"line":74,"column":20},"end":{"line":74,"column":null}},"37":{"start":{"line":75,"column":20},"end":{"line":75,"column":null}},"38":{"start":{"line":77,"column":20},"end":{"line":77,"column":null}},"39":{"start":{"line":82,"column":12},"end":{"line":124,"column":null}},"40":{"start":{"line":83,"column":16},"end":{"line":123,"column":null}},"41":{"start":{"line":84,"column":37},"end":{"line":88,"column":null}},"42":{"start":{"line":89,"column":20},"end":{"line":119,"column":null}},"43":{"start":{"line":90,"column":37},"end":{"line":90,"column":null}},"44":{"start":{"line":91,"column":24},"end":{"line":91,"column":null}},"45":{"start":{"line":94,"column":24},"end":{"line":106,"column":null}},"46":{"start":{"line":95,"column":47},"end":{"line":95,"column":null}},"47":{"start":{"line":96,"column":46},"end":{"line":96,"column":null}},"48":{"start":{"line":99,"column":28},"end":{"line":105,"column":null}},"49":{"start":{"line":100,"column":32},"end":{"line":100,"column":null}},"50":{"start":{"line":101,"column":32},"end":{"line":101,"column":null}},"51":{"start":{"line":102,"column":32},"end":{"line":102,"column":null}},"52":{"start":{"line":103,"column":32},"end":{"line":103,"column":null}},"53":{"start":{"line":104,"column":32},"end":{"line":104,"column":null}},"54":{"start":{"line":108,"column":24},"end":{"line":113,"column":null}},"55":{"start":{"line":109,"column":28},"end":{"line":109,"column":null}},"56":{"start":{"line":110,"column":28},"end":{"line":110,"column":null}},"57":{"start":{"line":112,"column":28},"end":{"line":112,"column":null}},"58":{"start":{"line":115,"column":24},"end":{"line":115,"column":null}},"59":{"start":{"line":116,"column":24},"end":{"line":116,"column":null}},"60":{"start":{"line":117,"column":24},"end":{"line":117,"column":null}},"61":{"start":{"line":118,"column":24},"end":{"line":118,"column":null}},"62":{"start":{"line":121,"column":20},"end":{"line":121,"column":null}},"63":{"start":{"line":122,"column":20},"end":{"line":122,"column":null}},"64":{"start":{"line":127,"column":30},"end":{"line":127,"column":null}},"65":{"start":{"line":128,"column":12},"end":{"line":138,"column":null}},"66":{"start":{"line":129,"column":16},"end":{"line":137,"column":null}},"67":{"start":{"line":130,"column":47},"end":{"line":130,"column":null}},"68":{"start":{"line":131,"column":20},"end":{"line":131,"column":null}},"69":{"start":{"line":132,"column":20},"end":{"line":132,"column":null}},"70":{"start":{"line":133,"column":20},"end":{"line":133,"column":null}},"71":{"start":{"line":134,"column":20},"end":{"line":134,"column":null}},"72":{"start":{"line":136,"column":20},"end":{"line":136,"column":null}},"73":{"start":{"line":141,"column":8},"end":{"line":141,"column":null}},"74":{"start":{"line":145,"column":4},"end":{"line":149,"column":null}},"75":{"start":{"line":146,"column":8},"end":{"line":148,"column":null}},"76":{"start":{"line":147,"column":12},"end":{"line":147,"column":null}},"77":{"start":{"line":152,"column":4},"end":{"line":160,"column":null}},"78":{"start":{"line":153,"column":8},"end":{"line":159,"column":null}},"79":{"start":{"line":154,"column":12},"end":{"line":154,"column":null}},"80":{"start":{"line":155,"column":12},"end":{"line":155,"column":null}},"81":{"start":{"line":156,"column":12},"end":{"line":156,"column":null}},"82":{"start":{"line":157,"column":12},"end":{"line":157,"column":null}},"83":{"start":{"line":158,"column":12},"end":{"line":158,"column":null}},"84":{"start":{"line":163,"column":4},"end":{"line":181,"column":null}},"85":{"start":{"line":164,"column":29},"end":{"line":168,"column":null}},"86":{"start":{"line":165,"column":12},"end":{"line":165,"column":null}},"87":{"start":{"line":166,"column":12},"end":{"line":166,"column":null}},"88":{"start":{"line":167,"column":12},"end":{"line":167,"column":null}},"89":{"start":{"line":169,"column":30},"end":{"line":173,"column":null}},"90":{"start":{"line":170,"column":12},"end":{"line":170,"column":null}},"91":{"start":{"line":171,"column":12},"end":{"line":171,"column":null}},"92":{"start":{"line":172,"column":12},"end":{"line":172,"column":null}},"93":{"start":{"line":175,"column":8},"end":{"line":175,"column":null}},"94":{"start":{"line":176,"column":8},"end":{"line":176,"column":null}},"95":{"start":{"line":177,"column":8},"end":{"line":180,"column":null}},"96":{"start":{"line":178,"column":12},"end":{"line":178,"column":null}},"97":{"start":{"line":179,"column":12},"end":{"line":179,"column":null}},"98":{"start":{"line":184,"column":10},"end":{"line":220,"column":null}},"99":{"start":{"line":185,"column":8},"end":{"line":185,"column":null}},"100":{"start":{"line":185,"column":37},"end":{"line":185,"column":null}},"101":{"start":{"line":188,"column":8},"end":{"line":188,"column":null}},"102":{"start":{"line":188,"column":32},"end":{"line":188,"column":40}},"103":{"start":{"line":189,"column":8},"end":{"line":189,"column":null}},"104":{"start":{"line":191,"column":8},"end":{"line":191,"column":null}},"105":{"start":{"line":192,"column":8},"end":{"line":192,"column":null}},"106":{"start":{"line":194,"column":22},"end":{"line":194,"column":null}},"107":{"start":{"line":195,"column":8},"end":{"line":195,"column":null}},"108":{"start":{"line":197,"column":8},"end":{"line":200,"column":null}},"109":{"start":{"line":198,"column":12},"end":{"line":198,"column":null}},"110":{"start":{"line":199,"column":12},"end":{"line":199,"column":null}},"111":{"start":{"line":202,"column":73},"end":{"line":206,"column":null}},"112":{"start":{"line":208,"column":8},"end":{"line":208,"column":null}},"113":{"start":{"line":210,"column":8},"end":{"line":218,"column":null}},"114":{"start":{"line":211,"column":25},"end":{"line":211,"column":null}},"115":{"start":{"line":213,"column":12},"end":{"line":216,"column":null}},"116":{"start":{"line":214,"column":16},"end":{"line":214,"column":null}},"117":{"start":{"line":215,"column":16},"end":{"line":215,"column":null}},"118":{"start":{"line":217,"column":12},"end":{"line":217,"column":null}},"119":{"start":{"line":224,"column":4},"end":{"line":234,"column":null}},"120":{"start":{"line":230,"column":8},"end":{"line":233,"column":null}},"121":{"start":{"line":231,"column":12},"end":{"line":231,"column":null}},"122":{"start":{"line":232,"column":12},"end":{"line":232,"column":null}},"123":{"start":{"line":237,"column":4},"end":{"line":242,"column":null}},"124":{"start":{"line":238,"column":8},"end":{"line":241,"column":null}},"125":{"start":{"line":239,"column":38},"end":{"line":239,"column":null}},"126":{"start":{"line":240,"column":12},"end":{"line":240,"column":null}},"127":{"start":{"line":245,"column":10},"end":{"line":262,"column":null}},"128":{"start":{"line":246,"column":37},"end":{"line":254,"column":null}},"129":{"start":{"line":256,"column":8},"end":{"line":256,"column":null}},"130":{"start":{"line":258,"column":8},"end":{"line":258,"column":null}},"131":{"start":{"line":258,"column":27},"end":{"line":258,"column":46}},"132":{"start":{"line":259,"column":8},"end":{"line":259,"column":null}},"133":{"start":{"line":260,"column":8},"end":{"line":260,"column":null}},"134":{"start":{"line":264,"column":10},"end":{"line":299,"column":null}},"135":{"start":{"line":265,"column":31},"end":{"line":265,"column":null}},"136":{"start":{"line":266,"column":25},"end":{"line":266,"column":null}},"137":{"start":{"line":266,"column":43},"end":{"line":266,"column":54}},"138":{"start":{"line":268,"column":8},"end":{"line":270,"column":null}},"139":{"start":{"line":269,"column":12},"end":{"line":269,"column":null}},"140":{"start":{"line":272,"column":8},"end":{"line":294,"column":null}},"141":{"start":{"line":272,"column":27},"end":{"line":294,"column":10}},"142":{"start":{"line":273,"column":12},"end":{"line":292,"column":null}},"143":{"start":{"line":274,"column":42},"end":{"line":274,"column":null}},"144":{"start":{"line":275,"column":38},"end":{"line":275,"column":null}},"145":{"start":{"line":277,"column":16},"end":{"line":282,"column":null}},"146":{"start":{"line":278,"column":20},"end":{"line":281,"column":null}},"147":{"start":{"line":284,"column":16},"end":{"line":291,"column":null}},"148":{"start":{"line":293,"column":12},"end":{"line":293,"column":null}},"149":{"start":{"line":296,"column":8},"end":{"line":296,"column":null}},"150":{"start":{"line":297,"column":8},"end":{"line":297,"column":null}},"151":{"start":{"line":301,"column":10},"end":{"line":317,"column":null}},"152":{"start":{"line":302,"column":8},"end":{"line":313,"column":null}},"153":{"start":{"line":302,"column":27},"end":{"line":313,"column":10}},"154":{"start":{"line":303,"column":12},"end":{"line":311,"column":null}},"155":{"start":{"line":304,"column":16},"end":{"line":310,"column":null}},"156":{"start":{"line":312,"column":12},"end":{"line":312,"column":null}},"157":{"start":{"line":314,"column":8},"end":{"line":314,"column":null}},"158":{"start":{"line":315,"column":8},"end":{"line":315,"column":null}},"159":{"start":{"line":320,"column":4},"end":{"line":387,"column":null}},"160":{"start":{"line":321,"column":22},"end":{"line":321,"column":null}},"161":{"start":{"line":322,"column":24},"end":{"line":380,"column":null}},"162":{"start":{"line":323,"column":12},"end":{"line":327,"column":null}},"163":{"start":{"line":326,"column":16},"end":{"line":326,"column":null}},"164":{"start":{"line":329,"column":12},"end":{"line":329,"column":null}},"165":{"start":{"line":330,"column":26},"end":{"line":330,"column":null}},"166":{"start":{"line":331,"column":12},"end":{"line":331,"column":null}},"167":{"start":{"line":333,"column":12},"end":{"line":379,"column":null}},"168":{"start":{"line":334,"column":33},"end":{"line":341,"column":null}},"169":{"start":{"line":343,"column":16},"end":{"line":343,"column":null}},"170":{"start":{"line":345,"column":16},"end":{"line":353,"column":null}},"171":{"start":{"line":346,"column":38},"end":{"line":346,"column":null}},"172":{"start":{"line":347,"column":20},"end":{"line":347,"column":null}},"173":{"start":{"line":348,"column":20},"end":{"line":348,"column":null}},"174":{"start":{"line":349,"column":20},"end":{"line":349,"column":null}},"175":{"start":{"line":350,"column":20},"end":{"line":350,"column":null}},"176":{"start":{"line":351,"column":20},"end":{"line":351,"column":null}},"177":{"start":{"line":352,"column":20},"end":{"line":352,"column":null}},"178":{"start":{"line":355,"column":16},"end":{"line":355,"column":null}},"179":{"start":{"line":355,"column":34},"end":{"line":355,"column":null}},"180":{"start":{"line":357,"column":31},"end":{"line":357,"column":null}},"181":{"start":{"line":358,"column":16},"end":{"line":358,"column":null}},"182":{"start":{"line":360,"column":16},"end":{"line":372,"column":null}},"183":{"start":{"line":362,"column":20},"end":{"line":362,"column":null}},"184":{"start":{"line":362,"column":38},"end":{"line":362,"column":83}},"185":{"start":{"line":362,"column":55},"end":{"line":362,"column":82}},"186":{"start":{"line":364,"column":20},"end":{"line":367,"column":null}},"187":{"start":{"line":365,"column":24},"end":{"line":365,"column":null}},"188":{"start":{"line":366,"column":24},"end":{"line":366,"column":null}},"189":{"start":{"line":368,"column":20},"end":{"line":368,"column":null}},"190":{"start":{"line":369,"column":20},"end":{"line":369,"column":null}},"191":{"start":{"line":370,"column":20},"end":{"line":370,"column":null}},"192":{"start":{"line":371,"column":20},"end":{"line":371,"column":null}},"193":{"start":{"line":374,"column":16},"end":{"line":374,"column":null}},"194":{"start":{"line":375,"column":16},"end":{"line":375,"column":null}},"195":{"start":{"line":375,"column":29},"end":{"line":375,"column":null}},"196":{"start":{"line":378,"column":16},"end":{"line":378,"column":null}},"197":{"start":{"line":378,"column":29},"end":{"line":378,"column":null}},"198":{"start":{"line":382,"column":8},"end":{"line":384,"column":null}},"199":{"start":{"line":383,"column":12},"end":{"line":383,"column":null}},"200":{"start":{"line":386,"column":8},"end":{"line":386,"column":null}},"201":{"start":{"line":386,"column":23},"end":{"line":386,"column":40}},"202":{"start":{"line":389,"column":4},"end":{"line":404,"column":null}},"203":{"start":{"line":391,"column":41},"end":{"line":391,"column":53}},"204":{"start":{"line":417,"column":24},"end":{"line":421,"column":null}},"205":{"start":{"line":418,"column":10},"end":{"line":418,"column":null}},"206":{"start":{"line":419,"column":4},"end":{"line":419,"column":null}},"207":{"start":{"line":419,"column":18},"end":{"line":419,"column":null}},"208":{"start":{"line":420,"column":4},"end":{"line":420,"column":null}}},"fnMap":{"0":{"name":"(anonymous_0)","decl":{"start":{"line":39,"column":70},"end":{"line":39,"column":71}},"loc":{"start":{"line":39,"column":88},"end":{"line":406,"column":null}},"line":39},"1":{"name":"(anonymous_1)","decl":{"start":{"line":54,"column":31},"end":{"line":54,"column":37}},"loc":{"start":{"line":54,"column":37},"end":{"line":62,"column":7}},"line":54},"2":{"name":"(anonymous_2)","decl":{"start":{"line":65,"column":14},"end":{"line":65,"column":20}},"loc":{"start":{"line":65,"column":20},"end":{"line":142,"column":7}},"line":65},"3":{"name":"(anonymous_3)","decl":{"start":{"line":66,"column":32},"end":{"line":66,"column":44}},"loc":{"start":{"line":66,"column":44},"end":{"line":139,"column":null}},"line":66},"4":{"name":"(anonymous_4)","decl":{"start":{"line":145,"column":14},"end":{"line":145,"column":20}},"loc":{"start":{"line":145,"column":20},"end":{"line":149,"column":7}},"line":145},"5":{"name":"(anonymous_5)","decl":{"start":{"line":152,"column":14},"end":{"line":152,"column":20}},"loc":{"start":{"line":152,"column":20},"end":{"line":160,"column":7}},"line":152},"6":{"name":"(anonymous_6)","decl":{"start":{"line":163,"column":14},"end":{"line":163,"column":20}},"loc":{"start":{"line":163,"column":20},"end":{"line":181,"column":7}},"line":163},"7":{"name":"(anonymous_7)","decl":{"start":{"line":164,"column":29},"end":{"line":164,"column":35}},"loc":{"start":{"line":164,"column":35},"end":{"line":168,"column":null}},"line":164},"8":{"name":"(anonymous_8)","decl":{"start":{"line":169,"column":30},"end":{"line":169,"column":36}},"loc":{"start":{"line":169,"column":36},"end":{"line":173,"column":null}},"line":169},"9":{"name":"(anonymous_9)","decl":{"start":{"line":177,"column":15},"end":{"line":177,"column":21}},"loc":{"start":{"line":177,"column":21},"end":{"line":180,"column":null}},"line":177},"10":{"name":"(anonymous_10)","decl":{"start":{"line":184,"column":34},"end":{"line":184,"column":46}},"loc":{"start":{"line":184,"column":46},"end":{"line":220,"column":7}},"line":184},"11":{"name":"(anonymous_11)","decl":{"start":{"line":188,"column":24},"end":{"line":188,"column":32}},"loc":{"start":{"line":188,"column":32},"end":{"line":188,"column":40}},"line":188},"12":{"name":"(anonymous_12)","decl":{"start":{"line":210,"column":18},"end":{"line":210,"column":26}},"loc":{"start":{"line":210,"column":26},"end":{"line":218,"column":9}},"line":210},"13":{"name":"(anonymous_13)","decl":{"start":{"line":224,"column":14},"end":{"line":224,"column":20}},"loc":{"start":{"line":224,"column":20},"end":{"line":234,"column":7}},"line":224},"14":{"name":"(anonymous_14)","decl":{"start":{"line":237,"column":14},"end":{"line":237,"column":20}},"loc":{"start":{"line":237,"column":20},"end":{"line":242,"column":7}},"line":237},"15":{"name":"(anonymous_15)","decl":{"start":{"line":245,"column":33},"end":{"line":245,"column":40}},"loc":{"start":{"line":245,"column":59},"end":{"line":262,"column":7}},"line":245},"16":{"name":"(anonymous_16)","decl":{"start":{"line":258,"column":19},"end":{"line":258,"column":27}},"loc":{"start":{"line":258,"column":27},"end":{"line":258,"column":46}},"line":258},"17":{"name":"(anonymous_17)","decl":{"start":{"line":264,"column":36},"end":{"line":264,"column":43}},"loc":{"start":{"line":264,"column":90},"end":{"line":299,"column":7}},"line":264},"18":{"name":"(anonymous_18)","decl":{"start":{"line":266,"column":38},"end":{"line":266,"column":43}},"loc":{"start":{"line":266,"column":43},"end":{"line":266,"column":54}},"line":266},"19":{"name":"(anonymous_19)","decl":{"start":{"line":272,"column":19},"end":{"line":272,"column":27}},"loc":{"start":{"line":272,"column":27},"end":{"line":294,"column":10}},"line":272},"20":{"name":"(anonymous_20)","decl":{"start":{"line":272,"column":36},"end":{"line":272,"column":41}},"loc":{"start":{"line":272,"column":41},"end":{"line":294,"column":9}},"line":272},"21":{"name":"(anonymous_21)","decl":{"start":{"line":301,"column":36},"end":{"line":301,"column":43}},"loc":{"start":{"line":301,"column":58},"end":{"line":317,"column":7}},"line":301},"22":{"name":"(anonymous_22)","decl":{"start":{"line":302,"column":19},"end":{"line":302,"column":27}},"loc":{"start":{"line":302,"column":27},"end":{"line":313,"column":10}},"line":302},"23":{"name":"(anonymous_23)","decl":{"start":{"line":302,"column":36},"end":{"line":302,"column":41}},"loc":{"start":{"line":302,"column":41},"end":{"line":313,"column":9}},"line":302},"24":{"name":"(anonymous_24)","decl":{"start":{"line":320,"column":14},"end":{"line":320,"column":20}},"loc":{"start":{"line":320,"column":20},"end":{"line":387,"column":7}},"line":320},"25":{"name":"(anonymous_25)","decl":{"start":{"line":322,"column":24},"end":{"line":322,"column":36}},"loc":{"start":{"line":322,"column":36},"end":{"line":380,"column":null}},"line":322},"26":{"name":"(anonymous_26)","decl":{"start":{"line":362,"column":30},"end":{"line":362,"column":38}},"loc":{"start":{"line":362,"column":38},"end":{"line":362,"column":83}},"line":362},"27":{"name":"(anonymous_27)","decl":{"start":{"line":362,"column":50},"end":{"line":362,"column":55}},"loc":{"start":{"line":362,"column":55},"end":{"line":362,"column":82}},"line":362},"28":{"name":"(anonymous_28)","decl":{"start":{"line":386,"column":15},"end":{"line":386,"column":21}},"loc":{"start":{"line":386,"column":21},"end":{"line":386,"column":null}},"line":386},"29":{"name":"(anonymous_29)","decl":{"start":{"line":391,"column":36},"end":{"line":391,"column":41}},"loc":{"start":{"line":391,"column":41},"end":{"line":391,"column":53}},"line":391},"30":{"name":"(anonymous_30)","decl":{"start":{"line":417,"column":24},"end":{"line":417,"column":30}},"loc":{"start":{"line":417,"column":30},"end":{"line":421,"column":null}},"line":417}},"branchMap":{"0":{"loc":{"start":{"line":55,"column":8},"end":{"line":55,"column":null}},"type":"if","locations":[{"start":{"line":55,"column":8},"end":{"line":55,"column":null}},{"start":{},"end":{}}],"line":55},"1":{"loc":{"start":{"line":56,"column":8},"end":{"line":56,"column":null}},"type":"if","locations":[{"start":{"line":56,"column":8},"end":{"line":56,"column":null}},{"start":{},"end":{}}],"line":56},"2":{"loc":{"start":{"line":57,"column":8},"end":{"line":57,"column":null}},"type":"if","locations":[{"start":{"line":57,"column":8},"end":{"line":57,"column":null}},{"start":{},"end":{}}],"line":57},"3":{"loc":{"start":{"line":58,"column":8},"end":{"line":58,"column":null}},"type":"if","locations":[{"start":{"line":58,"column":8},"end":{"line":58,"column":null}},{"start":{},"end":{}}],"line":58},"4":{"loc":{"start":{"line":60,"column":8},"end":{"line":60,"column":null}},"type":"if","locations":[{"start":{"line":60,"column":8},"end":{"line":60,"column":null}},{"start":{},"end":{}}],"line":60},"5":{"loc":{"start":{"line":61,"column":15},"end":{"line":61,"column":null}},"type":"cond-expr","locations":[{"start":{"line":61,"column":26},"end":{"line":61,"column":37}},{"start":{"line":61,"column":37},"end":{"line":61,"column":null}}],"line":61},"6":{"loc":{"start":{"line":67,"column":12},"end":{"line":67,"column":null}},"type":"if","locations":[{"start":{"line":67,"column":12},"end":{"line":67,"column":null}},{"start":{},"end":{}}],"line":67},"7":{"loc":{"start":{"line":72,"column":12},"end":{"line":79,"column":null}},"type":"if","locations":[{"start":{"line":72,"column":12},"end":{"line":79,"column":null}},{"start":{},"end":{}}],"line":72},"8":{"loc":{"start":{"line":82,"column":12},"end":{"line":124,"column":null}},"type":"if","locations":[{"start":{"line":82,"column":12},"end":{"line":124,"column":null}},{"start":{},"end":{}}],"line":82},"9":{"loc":{"start":{"line":82,"column":16},"end":{"line":82,"column":35}},"type":"binary-expr","locations":[{"start":{"line":82,"column":16},"end":{"line":82,"column":28}},{"start":{"line":82,"column":28},"end":{"line":82,"column":35}}],"line":82},"10":{"loc":{"start":{"line":89,"column":20},"end":{"line":119,"column":null}},"type":"if","locations":[{"start":{"line":89,"column":20},"end":{"line":119,"column":null}},{"start":{},"end":{}}],"line":89},"11":{"loc":{"start":{"line":94,"column":24},"end":{"line":106,"column":null}},"type":"if","locations":[{"start":{"line":94,"column":24},"end":{"line":106,"column":null}},{"start":{},"end":{}}],"line":94},"12":{"loc":{"start":{"line":96,"column":46},"end":{"line":96,"column":null}},"type":"binary-expr","locations":[{"start":{"line":96,"column":46},"end":{"line":96,"column":67}},{"start":{"line":96,"column":67},"end":{"line":96,"column":null}}],"line":96},"13":{"loc":{"start":{"line":99,"column":28},"end":{"line":105,"column":null}},"type":"if","locations":[{"start":{"line":99,"column":28},"end":{"line":105,"column":null}},{"start":{},"end":{}}],"line":99},"14":{"loc":{"start":{"line":108,"column":24},"end":{"line":113,"column":null}},"type":"if","locations":[{"start":{"line":108,"column":24},"end":{"line":113,"column":null}},{"start":{"line":111,"column":31},"end":{"line":113,"column":null}}],"line":108},"15":{"loc":{"start":{"line":109,"column":39},"end":{"line":109,"column":66}},"type":"binary-expr","locations":[{"start":{"line":109,"column":39},"end":{"line":109,"column":64}},{"start":{"line":109,"column":64},"end":{"line":109,"column":66}}],"line":109},"16":{"loc":{"start":{"line":110,"column":44},"end":{"line":110,"column":66}},"type":"binary-expr","locations":[{"start":{"line":110,"column":44},"end":{"line":110,"column":65}},{"start":{"line":110,"column":65},"end":{"line":110,"column":66}}],"line":110},"17":{"loc":{"start":{"line":115,"column":41},"end":{"line":115,"column":63}},"type":"binary-expr","locations":[{"start":{"line":115,"column":41},"end":{"line":115,"column":62}},{"start":{"line":115,"column":62},"end":{"line":115,"column":63}}],"line":115},"18":{"loc":{"start":{"line":128,"column":12},"end":{"line":138,"column":null}},"type":"if","locations":[{"start":{"line":128,"column":12},"end":{"line":138,"column":null}},{"start":{},"end":{}}],"line":128},"19":{"loc":{"start":{"line":131,"column":31},"end":{"line":131,"column":51}},"type":"binary-expr","locations":[{"start":{"line":131,"column":31},"end":{"line":131,"column":49}},{"start":{"line":131,"column":49},"end":{"line":131,"column":51}}],"line":131},"20":{"loc":{"start":{"line":132,"column":36},"end":{"line":132,"column":60}},"type":"binary-expr","locations":[{"start":{"line":132,"column":36},"end":{"line":132,"column":59}},{"start":{"line":132,"column":59},"end":{"line":132,"column":60}}],"line":132},"21":{"loc":{"start":{"line":133,"column":37},"end":{"line":133,"column":62}},"type":"binary-expr","locations":[{"start":{"line":133,"column":37},"end":{"line":133,"column":61}},{"start":{"line":133,"column":61},"end":{"line":133,"column":62}}],"line":133},"22":{"loc":{"start":{"line":146,"column":8},"end":{"line":148,"column":null}},"type":"if","locations":[{"start":{"line":146,"column":8},"end":{"line":148,"column":null}},{"start":{},"end":{}}],"line":146},"23":{"loc":{"start":{"line":153,"column":8},"end":{"line":159,"column":null}},"type":"if","locations":[{"start":{"line":153,"column":8},"end":{"line":159,"column":null}},{"start":{},"end":{}}],"line":153},"24":{"loc":{"start":{"line":185,"column":8},"end":{"line":185,"column":null}},"type":"if","locations":[{"start":{"line":185,"column":8},"end":{"line":185,"column":null}},{"start":{},"end":{}}],"line":185},"25":{"loc":{"start":{"line":185,"column":12},"end":{"line":185,"column":37}},"type":"binary-expr","locations":[{"start":{"line":185,"column":12},"end":{"line":185,"column":23}},{"start":{"line":185,"column":23},"end":{"line":185,"column":37}}],"line":185},"26":{"loc":{"start":{"line":197,"column":8},"end":{"line":200,"column":null}},"type":"if","locations":[{"start":{"line":197,"column":8},"end":{"line":200,"column":null}},{"start":{},"end":{}}],"line":197},"27":{"loc":{"start":{"line":197,"column":12},"end":{"line":197,"column":98}},"type":"binary-expr","locations":[{"start":{"line":197,"column":12},"end":{"line":197,"column":40}},{"start":{"line":197,"column":40},"end":{"line":197,"column":70}},{"start":{"line":197,"column":70},"end":{"line":197,"column":98}}],"line":197},"28":{"loc":{"start":{"line":213,"column":12},"end":{"line":216,"column":null}},"type":"if","locations":[{"start":{"line":213,"column":12},"end":{"line":216,"column":null}},{"start":{},"end":{}}],"line":213},"29":{"loc":{"start":{"line":213,"column":16},"end":{"line":213,"column":70}},"type":"binary-expr","locations":[{"start":{"line":213,"column":16},"end":{"line":213,"column":24}},{"start":{"line":213,"column":24},"end":{"line":213,"column":70}}],"line":213},"30":{"loc":{"start":{"line":230,"column":8},"end":{"line":233,"column":null}},"type":"if","locations":[{"start":{"line":230,"column":8},"end":{"line":233,"column":null}},{"start":{},"end":{}}],"line":230},"31":{"loc":{"start":{"line":230,"column":12},"end":{"line":230,"column":65}},"type":"binary-expr","locations":[{"start":{"line":230,"column":12},"end":{"line":230,"column":44}},{"start":{"line":230,"column":44},"end":{"line":230,"column":65}}],"line":230},"32":{"loc":{"start":{"line":238,"column":8},"end":{"line":241,"column":null}},"type":"if","locations":[{"start":{"line":238,"column":8},"end":{"line":241,"column":null}},{"start":{},"end":{}}],"line":238},"33":{"loc":{"start":{"line":252,"column":24},"end":{"line":252,"column":null}},"type":"binary-expr","locations":[{"start":{"line":252,"column":24},"end":{"line":252,"column":48}},{"start":{"line":252,"column":48},"end":{"line":252,"column":null}}],"line":252},"34":{"loc":{"start":{"line":268,"column":8},"end":{"line":270,"column":null}},"type":"if","locations":[{"start":{"line":268,"column":8},"end":{"line":270,"column":null}},{"start":{},"end":{}}],"line":268},"35":{"loc":{"start":{"line":268,"column":12},"end":{"line":268,"column":88}},"type":"binary-expr","locations":[{"start":{"line":268,"column":12},"end":{"line":268,"column":24}},{"start":{"line":268,"column":24},"end":{"line":268,"column":46}},{"start":{"line":268,"column":46},"end":{"line":268,"column":88}}],"line":268},"36":{"loc":{"start":{"line":273,"column":12},"end":{"line":292,"column":null}},"type":"if","locations":[{"start":{"line":273,"column":12},"end":{"line":292,"column":null}},{"start":{},"end":{}}],"line":273},"37":{"loc":{"start":{"line":274,"column":42},"end":{"line":274,"column":null}},"type":"binary-expr","locations":[{"start":{"line":274,"column":42},"end":{"line":274,"column":64}},{"start":{"line":274,"column":64},"end":{"line":274,"column":null}}],"line":274},"38":{"loc":{"start":{"line":275,"column":38},"end":{"line":275,"column":null}},"type":"binary-expr","locations":[{"start":{"line":275,"column":38},"end":{"line":275,"column":59}},{"start":{"line":275,"column":59},"end":{"line":275,"column":null}}],"line":275},"39":{"loc":{"start":{"line":277,"column":16},"end":{"line":282,"column":null}},"type":"if","locations":[{"start":{"line":277,"column":16},"end":{"line":282,"column":null}},{"start":{},"end":{}}],"line":277},"40":{"loc":{"start":{"line":303,"column":12},"end":{"line":311,"column":null}},"type":"if","locations":[{"start":{"line":303,"column":12},"end":{"line":311,"column":null}},{"start":{},"end":{}}],"line":303},"41":{"loc":{"start":{"line":323,"column":12},"end":{"line":327,"column":null}},"type":"if","locations":[{"start":{"line":323,"column":12},"end":{"line":327,"column":null}},{"start":{},"end":{}}],"line":323},"42":{"loc":{"start":{"line":323,"column":16},"end":{"line":323,"column":87}},"type":"binary-expr","locations":[{"start":{"line":323,"column":16},"end":{"line":323,"column":29}},{"start":{"line":323,"column":29},"end":{"line":323,"column":52}},{"start":{"line":323,"column":52},"end":{"line":323,"column":68}},{"start":{"line":323,"column":68},"end":{"line":323,"column":79}},{"start":{"line":323,"column":79},"end":{"line":323,"column":87}}],"line":323},"43":{"loc":{"start":{"line":345,"column":16},"end":{"line":353,"column":null}},"type":"if","locations":[{"start":{"line":345,"column":16},"end":{"line":353,"column":null}},{"start":{},"end":{}}],"line":345},"44":{"loc":{"start":{"line":355,"column":16},"end":{"line":355,"column":null}},"type":"if","locations":[{"start":{"line":355,"column":16},"end":{"line":355,"column":null}},{"start":{},"end":{}}],"line":355},"45":{"loc":{"start":{"line":360,"column":16},"end":{"line":372,"column":null}},"type":"if","locations":[{"start":{"line":360,"column":16},"end":{"line":372,"column":null}},{"start":{},"end":{}}],"line":360},"46":{"loc":{"start":{"line":364,"column":20},"end":{"line":367,"column":null}},"type":"if","locations":[{"start":{"line":364,"column":20},"end":{"line":367,"column":null}},{"start":{},"end":{}}],"line":364},"47":{"loc":{"start":{"line":366,"column":40},"end":{"line":366,"column":84}},"type":"binary-expr","locations":[{"start":{"line":366,"column":40},"end":{"line":366,"column":63}},{"start":{"line":366,"column":63},"end":{"line":366,"column":84}}],"line":366},"48":{"loc":{"start":{"line":368,"column":37},"end":{"line":368,"column":81}},"type":"binary-expr","locations":[{"start":{"line":368,"column":37},"end":{"line":368,"column":60}},{"start":{"line":368,"column":60},"end":{"line":368,"column":81}}],"line":368},"49":{"loc":{"start":{"line":375,"column":16},"end":{"line":375,"column":null}},"type":"if","locations":[{"start":{"line":375,"column":16},"end":{"line":375,"column":null}},{"start":{},"end":{}}],"line":375},"50":{"loc":{"start":{"line":378,"column":16},"end":{"line":378,"column":null}},"type":"if","locations":[{"start":{"line":378,"column":16},"end":{"line":378,"column":null}},{"start":{},"end":{}}],"line":378},"51":{"loc":{"start":{"line":382,"column":8},"end":{"line":384,"column":null}},"type":"if","locations":[{"start":{"line":382,"column":8},"end":{"line":384,"column":null}},{"start":{},"end":{}}],"line":382},"52":{"loc":{"start":{"line":382,"column":12},"end":{"line":382,"column":57}},"type":"binary-expr","locations":[{"start":{"line":382,"column":12},"end":{"line":382,"column":24}},{"start":{"line":382,"column":24},"end":{"line":382,"column":45}},{"start":{"line":382,"column":45},"end":{"line":382,"column":57}}],"line":382},"53":{"loc":{"start":{"line":419,"column":4},"end":{"line":419,"column":null}},"type":"if","locations":[{"start":{"line":419,"column":4},"end":{"line":419,"column":null}},{"start":{},"end":{}}],"line":419}},"s":{"0":1,"1":1,"2":1,"3":19,"4":19,"5":19,"6":19,"7":19,"8":19,"9":19,"10":19,"11":19,"12":19,"13":19,"14":19,"15":19,"16":19,"17":19,"18":0,"19":19,"20":0,"21":19,"22":3,"23":16,"24":4,"25":12,"26":4,"27":8,"28":19,"29":3,"30":3,"31":0,"32":3,"33":3,"34":3,"35":0,"36":0,"37":0,"38":0,"39":3,"40":2,"41":2,"42":2,"43":2,"44":2,"45":2,"46":0,"47":0,"48":0,"49":0,"50":0,"51":0,"52":0,"53":0,"54":2,"55":2,"56":2,"57":0,"58":2,"59":2,"60":2,"61":2,"62":0,"63":0,"64":1,"65":1,"66":0,"67":0,"68":0,"69":0,"70":0,"71":0,"72":0,"73":3,"74":19,"75":10,"76":10,"77":19,"78":3,"79":0,"80":0,"81":0,"82":0,"83":0,"84":19,"85":10,"86":0,"87":0,"88":0,"89":10,"90":0,"91":0,"92":0,"93":10,"94":10,"95":10,"96":10,"97":10,"98":19,"99":4,"100":0,"101":4,"102":4,"103":4,"104":4,"105":4,"106":4,"107":4,"108":4,"109":0,"110":0,"111":4,"112":4,"113":4,"114":4,"115":4,"116":0,"117":0,"118":4,"119":19,"120":16,"121":4,"122":4,"123":19,"124":12,"125":12,"126":12,"127":19,"128":3,"129":3,"130":3,"131":3,"132":3,"133":3,"134":19,"135":0,"136":0,"137":0,"138":0,"139":0,"140":0,"141":0,"142":0,"143":0,"144":0,"145":0,"146":0,"147":0,"148":0,"149":0,"150":0,"151":19,"152":1,"153":1,"154":1,"155":1,"156":0,"157":1,"158":1,"159":19,"160":14,"161":14,"162":3,"163":0,"164":3,"165":3,"166":3,"167":3,"168":3,"169":3,"170":3,"171":0,"172":0,"173":0,"174":0,"175":0,"176":0,"177":0,"178":3,"179":0,"180":3,"181":3,"182":3,"183":3,"184":3,"185":3,"186":3,"187":0,"188":0,"189":3,"190":3,"191":3,"192":3,"193":0,"194":0,"195":0,"196":3,"197":3,"198":14,"199":3,"200":14,"201":14,"202":19,"203":14,"204":1,"205":19,"206":19,"207":0,"208":19},"f":{"0":19,"1":19,"2":3,"3":3,"4":10,"5":3,"6":10,"7":0,"8":0,"9":10,"10":4,"11":4,"12":4,"13":16,"14":12,"15":3,"16":3,"17":0,"18":0,"19":0,"20":0,"21":1,"22":1,"23":1,"24":14,"25":3,"26":3,"27":3,"28":14,"29":14,"30":19},"b":{"0":[0,19],"1":[0,19],"2":[3,16],"3":[4,12],"4":[4,8],"5":[7,1],"6":[0,3],"7":[0,3],"8":[2,1],"9":[3,2],"10":[2,0],"11":[0,2],"12":[0,0],"13":[0,0],"14":[2,0],"15":[2,0],"16":[2,0],"17":[2,0],"18":[0,1],"19":[0,0],"20":[0,0],"21":[0,0],"22":[10,0],"23":[0,3],"24":[0,4],"25":[4,4],"26":[0,4],"27":[4,4,0],"28":[0,4],"29":[4,0],"30":[4,12],"31":[16,8],"32":[12,0],"33":[3,3],"34":[0,0],"35":[0,0,0],"36":[0,0],"37":[0,0],"38":[0,0],"39":[0,0],"40":[1,0],"41":[0,3],"42":[3,3,3,3,3],"43":[0,3],"44":[0,3],"45":[3,0],"46":[0,3],"47":[0,0],"48":[3,0],"49":[0,0],"50":[3,0],"51":[3,11],"52":[14,11,3],"53":[0,19]},"meta":{"lastBranch":54,"lastFunction":31,"lastStatement":209,"seen":{"s:22:6:22:Infinity":0,"s:24:21:24:Infinity":1,"s:39:70:406:Infinity":2,"f:39:70:39:71":0,"s:40:22:40:Infinity":3,"s:41:24:41:Infinity":4,"s:42:30:42:Infinity":5,"s:43:40:43:Infinity":6,"s:44:42:44:Infinity":7,"s:45:34:45:Infinity":8,"s:46:32:46:Infinity":9,"s:47:34:47:Infinity":10,"s:48:40:48:Infinity":11,"s:49:36:49:Infinity":12,"s:50:28:50:Infinity":13,"s:51:40:51:Infinity":14,"s:52:19:52:Infinity":15,"s:54:10:62:Infinity":16,"f:54:31:54:37":1,"b:55:8:55:Infinity:undefined:undefined:undefined:undefined":0,"s:55:8:55:Infinity":17,"s:55:26:55:Infinity":18,"b:56:8:56:Infinity:undefined:undefined:undefined:undefined":1,"s:56:8:56:Infinity":19,"s:56:23:56:Infinity":20,"b:57:8:57:Infinity:undefined:undefined:undefined:undefined":2,"s:57:8:57:Infinity":21,"s:57:23:57:Infinity":22,"b:58:8:58:Infinity:undefined:undefined:undefined:undefined":3,"s:58:8:58:Infinity":23,"s:58:31:58:Infinity":24,"b:60:8:60:Infinity:undefined:undefined:undefined:undefined":4,"s:60:8:60:Infinity":25,"s:60:42:60:Infinity":26,"s:61:8:61:Infinity":27,"b:61:26:61:37:61:37:61:Infinity":5,"s:65:4:142:Infinity":28,"f:65:14:65:20":2,"s:66:32:139:Infinity":29,"f:66:32:66:44":3,"b:67:12:67:Infinity:undefined:undefined:undefined:undefined":6,"s:67:12:67:Infinity":30,"s:67:25:67:Infinity":31,"s:70:35:70:Infinity":32,"s:71:85:71:Infinity":33,"b:72:12:79:Infinity:undefined:undefined:undefined:undefined":7,"s:72:12:79:Infinity":34,"s:73:16:78:Infinity":35,"s:74:20:74:Infinity":36,"s:75:20:75:Infinity":37,"s:77:20:77:Infinity":38,"b:82:12:124:Infinity:undefined:undefined:undefined:undefined":8,"s:82:12:124:Infinity":39,"b:82:16:82:28:82:28:82:35":9,"s:83:16:123:Infinity":40,"s:84:37:88:Infinity":41,"b:89:20:119:Infinity:undefined:undefined:undefined:undefined":10,"s:89:20:119:Infinity":42,"s:90:37:90:Infinity":43,"s:91:24:91:Infinity":44,"b:94:24:106:Infinity:undefined:undefined:undefined:undefined":11,"s:94:24:106:Infinity":45,"s:95:47:95:Infinity":46,"s:96:46:96:Infinity":47,"b:96:46:96:67:96:67:96:Infinity":12,"b:99:28:105:Infinity:undefined:undefined:undefined:undefined":13,"s:99:28:105:Infinity":48,"s:100:32:100:Infinity":49,"s:101:32:101:Infinity":50,"s:102:32:102:Infinity":51,"s:103:32:103:Infinity":52,"s:104:32:104:Infinity":53,"b:108:24:113:Infinity:111:31:113:Infinity":14,"s:108:24:113:Infinity":54,"s:109:28:109:Infinity":55,"b:109:39:109:64:109:64:109:66":15,"s:110:28:110:Infinity":56,"b:110:44:110:65:110:65:110:66":16,"s:112:28:112:Infinity":57,"s:115:24:115:Infinity":58,"b:115:41:115:62:115:62:115:63":17,"s:116:24:116:Infinity":59,"s:117:24:117:Infinity":60,"s:118:24:118:Infinity":61,"s:121:20:121:Infinity":62,"s:122:20:122:Infinity":63,"s:127:30:127:Infinity":64,"b:128:12:138:Infinity:undefined:undefined:undefined:undefined":18,"s:128:12:138:Infinity":65,"s:129:16:137:Infinity":66,"s:130:47:130:Infinity":67,"s:131:20:131:Infinity":68,"b:131:31:131:49:131:49:131:51":19,"s:132:20:132:Infinity":69,"b:132:36:132:59:132:59:132:60":20,"s:133:20:133:Infinity":70,"b:133:37:133:61:133:61:133:62":21,"s:134:20:134:Infinity":71,"s:136:20:136:Infinity":72,"s:141:8:141:Infinity":73,"s:145:4:149:Infinity":74,"f:145:14:145:20":4,"b:146:8:148:Infinity:undefined:undefined:undefined:undefined":22,"s:146:8:148:Infinity":75,"s:147:12:147:Infinity":76,"s:152:4:160:Infinity":77,"f:152:14:152:20":5,"b:153:8:159:Infinity:undefined:undefined:undefined:undefined":23,"s:153:8:159:Infinity":78,"s:154:12:154:Infinity":79,"s:155:12:155:Infinity":80,"s:156:12:156:Infinity":81,"s:157:12:157:Infinity":82,"s:158:12:158:Infinity":83,"s:163:4:181:Infinity":84,"f:163:14:163:20":6,"s:164:29:168:Infinity":85,"f:164:29:164:35":7,"s:165:12:165:Infinity":86,"s:166:12:166:Infinity":87,"s:167:12:167:Infinity":88,"s:169:30:173:Infinity":89,"f:169:30:169:36":8,"s:170:12:170:Infinity":90,"s:171:12:171:Infinity":91,"s:172:12:172:Infinity":92,"s:175:8:175:Infinity":93,"s:176:8:176:Infinity":94,"s:177:8:180:Infinity":95,"f:177:15:177:21":9,"s:178:12:178:Infinity":96,"s:179:12:179:Infinity":97,"s:184:10:220:Infinity":98,"f:184:34:184:46":10,"b:185:8:185:Infinity:undefined:undefined:undefined:undefined":24,"s:185:8:185:Infinity":99,"b:185:12:185:23:185:23:185:37":25,"s:185:37:185:Infinity":100,"s:188:8:188:Infinity":101,"f:188:24:188:32":11,"s:188:32:188:40":102,"s:189:8:189:Infinity":103,"s:191:8:191:Infinity":104,"s:192:8:192:Infinity":105,"s:194:22:194:Infinity":106,"s:195:8:195:Infinity":107,"b:197:8:200:Infinity:undefined:undefined:undefined:undefined":26,"s:197:8:200:Infinity":108,"b:197:12:197:40:197:40:197:70:197:70:197:98":27,"s:198:12:198:Infinity":109,"s:199:12:199:Infinity":110,"s:202:73:206:Infinity":111,"s:208:8:208:Infinity":112,"s:210:8:218:Infinity":113,"f:210:18:210:26":12,"s:211:25:211:Infinity":114,"b:213:12:216:Infinity:undefined:undefined:undefined:undefined":28,"s:213:12:216:Infinity":115,"b:213:16:213:24:213:24:213:70":29,"s:214:16:214:Infinity":116,"s:215:16:215:Infinity":117,"s:217:12:217:Infinity":118,"s:224:4:234:Infinity":119,"f:224:14:224:20":13,"b:230:8:233:Infinity:undefined:undefined:undefined:undefined":30,"s:230:8:233:Infinity":120,"b:230:12:230:44:230:44:230:65":31,"s:231:12:231:Infinity":121,"s:232:12:232:Infinity":122,"s:237:4:242:Infinity":123,"f:237:14:237:20":14,"b:238:8:241:Infinity:undefined:undefined:undefined:undefined":32,"s:238:8:241:Infinity":124,"s:239:38:239:Infinity":125,"s:240:12:240:Infinity":126,"s:245:10:262:Infinity":127,"f:245:33:245:40":15,"s:246:37:254:Infinity":128,"b:252:24:252:48:252:48:252:Infinity":33,"s:256:8:256:Infinity":129,"s:258:8:258:Infinity":130,"f:258:19:258:27":16,"s:258:27:258:46":131,"s:259:8:259:Infinity":132,"s:260:8:260:Infinity":133,"s:264:10:299:Infinity":134,"f:264:36:264:43":17,"s:265:31:265:Infinity":135,"s:266:25:266:Infinity":136,"f:266:38:266:43":18,"s:266:43:266:54":137,"b:268:8:270:Infinity:undefined:undefined:undefined:undefined":34,"s:268:8:270:Infinity":138,"b:268:12:268:24:268:24:268:46:268:46:268:88":35,"s:269:12:269:Infinity":139,"s:272:8:294:Infinity":140,"f:272:19:272:27":19,"s:272:27:294:10":141,"f:272:36:272:41":20,"b:273:12:292:Infinity:undefined:undefined:undefined:undefined":36,"s:273:12:292:Infinity":142,"s:274:42:274:Infinity":143,"b:274:42:274:64:274:64:274:Infinity":37,"s:275:38:275:Infinity":144,"b:275:38:275:59:275:59:275:Infinity":38,"b:277:16:282:Infinity:undefined:undefined:undefined:undefined":39,"s:277:16:282:Infinity":145,"s:278:20:281:Infinity":146,"s:284:16:291:Infinity":147,"s:293:12:293:Infinity":148,"s:296:8:296:Infinity":149,"s:297:8:297:Infinity":150,"s:301:10:317:Infinity":151,"f:301:36:301:43":21,"s:302:8:313:Infinity":152,"f:302:19:302:27":22,"s:302:27:313:10":153,"f:302:36:302:41":23,"b:303:12:311:Infinity:undefined:undefined:undefined:undefined":40,"s:303:12:311:Infinity":154,"s:304:16:310:Infinity":155,"s:312:12:312:Infinity":156,"s:314:8:314:Infinity":157,"s:315:8:315:Infinity":158,"s:320:4:387:Infinity":159,"f:320:14:320:20":24,"s:321:22:321:Infinity":160,"s:322:24:380:Infinity":161,"f:322:24:322:36":25,"b:323:12:327:Infinity:undefined:undefined:undefined:undefined":41,"s:323:12:327:Infinity":162,"b:323:16:323:29:323:29:323:52:323:52:323:68:323:68:323:79:323:79:323:87":42,"s:326:16:326:Infinity":163,"s:329:12:329:Infinity":164,"s:330:26:330:Infinity":165,"s:331:12:331:Infinity":166,"s:333:12:379:Infinity":167,"s:334:33:341:Infinity":168,"s:343:16:343:Infinity":169,"b:345:16:353:Infinity:undefined:undefined:undefined:undefined":43,"s:345:16:353:Infinity":170,"s:346:38:346:Infinity":171,"s:347:20:347:Infinity":172,"s:348:20:348:Infinity":173,"s:349:20:349:Infinity":174,"s:350:20:350:Infinity":175,"s:351:20:351:Infinity":176,"s:352:20:352:Infinity":177,"b:355:16:355:Infinity:undefined:undefined:undefined:undefined":44,"s:355:16:355:Infinity":178,"s:355:34:355:Infinity":179,"s:357:31:357:Infinity":180,"s:358:16:358:Infinity":181,"b:360:16:372:Infinity:undefined:undefined:undefined:undefined":45,"s:360:16:372:Infinity":182,"s:362:20:362:Infinity":183,"f:362:30:362:38":26,"s:362:38:362:83":184,"f:362:50:362:55":27,"s:362:55:362:82":185,"b:364:20:367:Infinity:undefined:undefined:undefined:undefined":46,"s:364:20:367:Infinity":186,"s:365:24:365:Infinity":187,"s:366:24:366:Infinity":188,"b:366:40:366:63:366:63:366:84":47,"s:368:20:368:Infinity":189,"b:368:37:368:60:368:60:368:81":48,"s:369:20:369:Infinity":190,"s:370:20:370:Infinity":191,"s:371:20:371:Infinity":192,"s:374:16:374:Infinity":193,"b:375:16:375:Infinity:undefined:undefined:undefined:undefined":49,"s:375:16:375:Infinity":194,"s:375:29:375:Infinity":195,"b:378:16:378:Infinity:undefined:undefined:undefined:undefined":50,"s:378:16:378:Infinity":196,"s:378:29:378:Infinity":197,"b:382:8:384:Infinity:undefined:undefined:undefined:undefined":51,"s:382:8:384:Infinity":198,"b:382:12:382:24:382:24:382:45:382:45:382:57":52,"s:383:12:383:Infinity":199,"s:386:8:386:Infinity":200,"f:386:15:386:21":28,"s:386:23:386:40":201,"s:389:4:404:Infinity":202,"f:391:36:391:41":29,"s:391:41:391:53":203,"s:417:24:421:Infinity":204,"f:417:24:417:30":30,"s:418:10:418:Infinity":205,"b:419:4:419:Infinity:undefined:undefined:undefined:undefined":53,"s:419:4:419:Infinity":206,"s:419:18:419:Infinity":207,"s:420:4:420:Infinity":208}}}
,"C:\\Users\\kondu\\OneDrive\\Desktop\\B.TECH\\6 SEM\\Software Engineering\\FInal_Project\\zero-vault-sprint-1\\zero-vault-sprint-1\\client\\src\\shared\\sync\\crypto.service.ts": {"path":"C:\\Users\\kondu\\OneDrive\\Desktop\\B.TECH\\6 SEM\\Software Engineering\\FInal_Project\\zero-vault-sprint-1\\zero-vault-sprint-1\\client\\src\\shared\\sync\\crypto.service.ts","statementMap":{"0":{"start":{"line":7,"column":22},"end":{"line":7,"column":null}},"1":{"start":{"line":18,"column":29},"end":{"line":59,"column":null}},"2":{"start":{"line":33,"column":8},"end":{"line":33,"column":null}},"3":{"start":{"line":51,"column":8},"end":{"line":51,"column":null}},"4":{"start":{"line":51,"column":54},"end":{"line":51,"column":null}},"5":{"start":{"line":52,"column":8},"end":{"line":57,"column":null}},"6":{"start":{"line":54,"column":12},"end":{"line":54,"column":null}},"7":{"start":{"line":56,"column":12},"end":{"line":56,"column":null}}},"fnMap":{"0":{"name":"(anonymous_0)","decl":{"start":{"line":30,"column":13},"end":{"line":30,"column":20}},"loc":{"start":{"line":30,"column":54},"end":{"line":34,"column":null}},"line":30},"1":{"name":"(anonymous_1)","decl":{"start":{"line":50,"column":13},"end":{"line":50,"column":20}},"loc":{"start":{"line":50,"column":63},"end":{"line":58,"column":null}},"line":50}},"branchMap":{"0":{"loc":{"start":{"line":51,"column":8},"end":{"line":51,"column":null}},"type":"if","locations":[{"start":{"line":51,"column":8},"end":{"line":51,"column":null}},{"start":{},"end":{}}],"line":51}},"s":{"0":1,"1":1,"2":3,"3":0,"4":0,"5":0,"6":0,"7":0},"f":{"0":3,"1":0},"b":{"0":[0,0]},"meta":{"lastBranch":1,"lastFunction":2,"lastStatement":8,"seen":{"s:7:22:7:Infinity":0,"s:18:29:59:Infinity":1,"f:30:13:30:20":0,"s:33:8:33:Infinity":2,"f:50:13:50:20":1,"b:51:8:51:Infinity:undefined:undefined:undefined:undefined":0,"s:51:8:51:Infinity":3,"s:51:54:51:Infinity":4,"s:52:8:57:Infinity":5,"s:54:12:54:Infinity":6,"s:56:12:56:Infinity":7}}}
,"C:\\Users\\kondu\\OneDrive\\Desktop\\B.TECH\\6 SEM\\Software Engineering\\FInal_Project\\zero-vault-sprint-1\\zero-vault-sprint-1\\client\\src\\shared\\sync\\sync.service.ts": {"path":"C:\\Users\\kondu\\OneDrive\\Desktop\\B.TECH\\6 SEM\\Software Engineering\\FInal_Project\\zero-vault-sprint-1\\zero-vault-sprint-1\\client\\src\\shared\\sync\\sync.service.ts","statementMap":{"0":{"start":{"line":3,"column":27},"end":{"line":125,"column":null}},"1":{"start":{"line":13,"column":24},"end":{"line":13,"column":null}},"2":{"start":{"line":13,"column":49},"end":{"line":13,"column":72}},"3":{"start":{"line":15,"column":8},"end":{"line":22,"column":null}},"4":{"start":{"line":35,"column":26},"end":{"line":35,"column":null}},"5":{"start":{"line":38,"column":8},"end":{"line":38,"column":null}},"6":{"start":{"line":38,"column":34},"end":{"line":38,"column":63}},"7":{"start":{"line":40,"column":8},"end":{"line":44,"column":null}},"8":{"start":{"line":41,"column":12},"end":{"line":43,"column":null}},"9":{"start":{"line":42,"column":16},"end":{"line":42,"column":null}},"10":{"start":{"line":46,"column":8},"end":{"line":95,"column":null}},"11":{"start":{"line":47,"column":31},"end":{"line":47,"column":null}},"12":{"start":{"line":48,"column":12},"end":{"line":94,"column":null}},"13":{"start":{"line":49,"column":34},"end":{"line":49,"column":null}},"14":{"start":{"line":50,"column":35},"end":{"line":50,"column":null}},"15":{"start":{"line":53,"column":33},"end":{"line":53,"column":null}},"16":{"start":{"line":54,"column":16},"end":{"line":63,"column":null}},"17":{"start":{"line":55,"column":20},"end":{"line":55,"column":null}},"18":{"start":{"line":56,"column":16},"end":{"line":63,"column":null}},"19":{"start":{"line":58,"column":37},"end":{"line":58,"column":null}},"20":{"start":{"line":59,"column":38},"end":{"line":59,"column":null}},"21":{"start":{"line":60,"column":20},"end":{"line":62,"column":null}},"22":{"start":{"line":61,"column":24},"end":{"line":61,"column":null}},"23":{"start":{"line":65,"column":16},"end":{"line":91,"column":null}},"24":{"start":{"line":67,"column":36},"end":{"line":67,"column":null}},"25":{"start":{"line":68,"column":46},"end":{"line":72,"column":null}},"26":{"start":{"line":74,"column":20},"end":{"line":77,"column":null}},"27":{"start":{"line":80,"column":36},"end":{"line":80,"column":null}},"28":{"start":{"line":81,"column":46},"end":{"line":85,"column":null}},"29":{"start":{"line":87,"column":20},"end":{"line":90,"column":null}},"30":{"start":{"line":93,"column":16},"end":{"line":93,"column":null}},"31":{"start":{"line":98,"column":8},"end":{"line":100,"column":null}},"32":{"start":{"line":99,"column":12},"end":{"line":99,"column":null}},"33":{"start":{"line":102,"column":8},"end":{"line":102,"column":null}},"34":{"start":{"line":111,"column":23},"end":{"line":116,"column":null}},"35":{"start":{"line":111,"column":51},"end":{"line":111,"column":62}},"36":{"start":{"line":111,"column":74},"end":{"line":116,"column":10}},"37":{"start":{"line":118,"column":27},"end":{"line":118,"column":null}},"38":{"start":{"line":119,"column":26},"end":{"line":119,"column":null}},"39":{"start":{"line":120,"column":27},"end":{"line":120,"column":null}},"40":{"start":{"line":121,"column":26},"end":{"line":121,"column":null}},"41":{"start":{"line":122,"column":24},"end":{"line":122,"column":null}},"42":{"start":{"line":122,"column":43},"end":{"line":122,"column":74}},"43":{"start":{"line":123,"column":8},"end":{"line":123,"column":null}}},"fnMap":{"0":{"name":"(anonymous_0)","decl":{"start":{"line":12,"column":20},"end":{"line":12,"column":21}},"loc":{"start":{"line":12,"column":102},"end":{"line":23,"column":null}},"line":12},"1":{"name":"(anonymous_1)","decl":{"start":{"line":13,"column":44},"end":{"line":13,"column":49}},"loc":{"start":{"line":13,"column":49},"end":{"line":13,"column":72}},"line":13},"2":{"name":"(anonymous_2)","decl":{"start":{"line":34,"column":22},"end":{"line":34,"column":23}},"loc":{"start":{"line":34,"column":93},"end":{"line":103,"column":null}},"line":34},"3":{"name":"(anonymous_3)","decl":{"start":{"line":38,"column":29},"end":{"line":38,"column":34}},"loc":{"start":{"line":38,"column":34},"end":{"line":38,"column":63}},"line":38},"4":{"name":"(anonymous_4)","decl":{"start":{"line":40,"column":35},"end":{"line":40,"column":50}},"loc":{"start":{"line":40,"column":50},"end":{"line":44,"column":9}},"line":40},"5":{"name":"(anonymous_5)","decl":{"start":{"line":46,"column":37},"end":{"line":46,"column":52}},"loc":{"start":{"line":46,"column":52},"end":{"line":95,"column":9}},"line":46},"6":{"name":"(anonymous_6)","decl":{"start":{"line":98,"column":37},"end":{"line":98,"column":43}},"loc":{"start":{"line":98,"column":43},"end":{"line":100,"column":9}},"line":98},"7":{"name":"(anonymous_7)","decl":{"start":{"line":109,"column":24},"end":{"line":109,"column":31}},"loc":{"start":{"line":109,"column":74},"end":{"line":124,"column":null}},"line":109},"8":{"name":"(anonymous_8)","decl":{"start":{"line":111,"column":41},"end":{"line":111,"column":42}},"loc":{"start":{"line":111,"column":51},"end":{"line":111,"column":62}},"line":111},"9":{"name":"(anonymous_9)","decl":{"start":{"line":111,"column":68},"end":{"line":111,"column":74}},"loc":{"start":{"line":111,"column":74},"end":{"line":116,"column":10}},"line":111},"10":{"name":"(anonymous_10)","decl":{"start":{"line":122,"column":38},"end":{"line":122,"column":43}},"loc":{"start":{"line":122,"column":43},"end":{"line":122,"column":74}},"line":122}},"branchMap":{"0":{"loc":{"start":{"line":41,"column":12},"end":{"line":43,"column":null}},"type":"if","locations":[{"start":{"line":41,"column":12},"end":{"line":43,"column":null}},{"start":{},"end":{}}],"line":41},"1":{"loc":{"start":{"line":48,"column":12},"end":{"line":94,"column":null}},"type":"if","locations":[{"start":{"line":48,"column":12},"end":{"line":94,"column":null}},{"start":{"line":92,"column":19},"end":{"line":94,"column":null}}],"line":48},"2":{"loc":{"start":{"line":54,"column":16},"end":{"line":63,"column":null}},"type":"if","locations":[{"start":{"line":54,"column":16},"end":{"line":63,"column":null}},{"start":{"line":56,"column":16},"end":{"line":63,"column":null}}],"line":54},"3":{"loc":{"start":{"line":56,"column":16},"end":{"line":63,"column":null}},"type":"if","locations":[{"start":{"line":56,"column":16},"end":{"line":63,"column":null}},{"start":{},"end":{}}],"line":56},"4":{"loc":{"start":{"line":58,"column":37},"end":{"line":58,"column":null}},"type":"binary-expr","locations":[{"start":{"line":58,"column":37},"end":{"line":58,"column":61}},{"start":{"line":58,"column":61},"end":{"line":58,"column":null}}],"line":58},"5":{"loc":{"start":{"line":59,"column":38},"end":{"line":59,"column":null}},"type":"binary-expr","locations":[{"start":{"line":59,"column":38},"end":{"line":59,"column":63}},{"start":{"line":59,"column":63},"end":{"line":59,"column":null}}],"line":59},"6":{"loc":{"start":{"line":60,"column":20},"end":{"line":62,"column":null}},"type":"if","locations":[{"start":{"line":60,"column":20},"end":{"line":62,"column":null}},{"start":{},"end":{}}],"line":60},"7":{"loc":{"start":{"line":65,"column":16},"end":{"line":91,"column":null}},"type":"if","locations":[{"start":{"line":65,"column":16},"end":{"line":91,"column":null}},{"start":{"line":78,"column":23},"end":{"line":91,"column":null}}],"line":65},"8":{"loc":{"start":{"line":67,"column":36},"end":{"line":67,"column":null}},"type":"binary-expr","locations":[{"start":{"line":67,"column":36},"end":{"line":67,"column":68}},{"start":{"line":67,"column":68},"end":{"line":67,"column":null}}],"line":67},"9":{"loc":{"start":{"line":71,"column":35},"end":{"line":71,"column":null}},"type":"binary-expr","locations":[{"start":{"line":71,"column":35},"end":{"line":71,"column":59}},{"start":{"line":71,"column":59},"end":{"line":71,"column":null}}],"line":71},"10":{"loc":{"start":{"line":80,"column":36},"end":{"line":80,"column":null}},"type":"binary-expr","locations":[{"start":{"line":80,"column":36},"end":{"line":80,"column":68}},{"start":{"line":80,"column":68},"end":{"line":80,"column":null}}],"line":80},"11":{"loc":{"start":{"line":84,"column":35},"end":{"line":84,"column":null}},"type":"binary-expr","locations":[{"start":{"line":84,"column":35},"end":{"line":84,"column":60}},{"start":{"line":84,"column":60},"end":{"line":84,"column":86}},{"start":{"line":84,"column":86},"end":{"line":84,"column":null}}],"line":84}},"s":{"0":2,"1":7,"2":7,"3":7,"4":3,"5":3,"6":3,"7":3,"8":1,"9":1,"10":3,"11":2,"12":2,"13":2,"14":2,"15":2,"16":2,"17":1,"18":1,"19":0,"20":0,"21":0,"22":0,"23":2,"24":1,"25":1,"26":1,"27":1,"28":1,"29":1,"30":0,"31":3,"32":0,"33":3,"34":0,"35":0,"36":0,"37":0,"38":0,"39":0,"40":0,"41":0,"42":0,"43":0},"f":{"0":7,"1":7,"2":3,"3":3,"4":1,"5":2,"6":0,"7":0,"8":0,"9":0,"10":0},"b":{"0":[1,0],"1":[2,0],"2":[1,1],"3":[0,1],"4":[0,0],"5":[0,0],"6":[0,0],"7":[1,1],"8":[1,1],"9":[1,1],"10":[1,1],"11":[1,1,0]},"meta":{"lastBranch":12,"lastFunction":11,"lastStatement":44,"seen":{"s:3:27:125:Infinity":0,"f:12:20:12:21":0,"s:13:24:13:Infinity":1,"f:13:44:13:49":1,"s:13:49:13:72":2,"s:15:8:22:Infinity":3,"f:34:22:34:23":2,"s:35:26:35:Infinity":4,"s:38:8:38:Infinity":5,"f:38:29:38:34":3,"s:38:34:38:63":6,"s:40:8:44:Infinity":7,"f:40:35:40:50":4,"b:41:12:43:Infinity:undefined:undefined:undefined:undefined":0,"s:41:12:43:Infinity":8,"s:42:16:42:Infinity":9,"s:46:8:95:Infinity":10,"f:46:37:46:52":5,"s:47:31:47:Infinity":11,"b:48:12:94:Infinity:92:19:94:Infinity":1,"s:48:12:94:Infinity":12,"s:49:34:49:Infinity":13,"s:50:35:50:Infinity":14,"s:53:33:53:Infinity":15,"b:54:16:63:Infinity:56:16:63:Infinity":2,"s:54:16:63:Infinity":16,"s:55:20:55:Infinity":17,"b:56:16:63:Infinity:undefined:undefined:undefined:undefined":3,"s:56:16:63:Infinity":18,"s:58:37:58:Infinity":19,"b:58:37:58:61:58:61:58:Infinity":4,"s:59:38:59:Infinity":20,"b:59:38:59:63:59:63:59:Infinity":5,"b:60:20:62:Infinity:undefined:undefined:undefined:undefined":6,"s:60:20:62:Infinity":21,"s:61:24:61:Infinity":22,"b:65:16:91:Infinity:78:23:91:Infinity":7,"s:65:16:91:Infinity":23,"s:67:36:67:Infinity":24,"b:67:36:67:68:67:68:67:Infinity":8,"s:68:46:72:Infinity":25,"b:71:35:71:59:71:59:71:Infinity":9,"s:74:20:77:Infinity":26,"s:80:36:80:Infinity":27,"b:80:36:80:68:80:68:80:Infinity":10,"s:81:46:85:Infinity":28,"b:84:35:84:60:84:60:84:86:84:86:84:Infinity":11,"s:87:20:90:Infinity":29,"s:93:16:93:Infinity":30,"s:98:8:100:Infinity":31,"f:98:37:98:43":6,"s:99:12:99:Infinity":32,"s:102:8:102:Infinity":33,"f:109:24:109:31":7,"s:111:23:116:Infinity":34,"f:111:41:111:42":8,"s:111:51:111:62":35,"f:111:68:111:74":9,"s:111:74:116:10":36,"s:118:27:118:Infinity":37,"s:119:26:119:Infinity":38,"s:120:27:120:Infinity":39,"s:121:26:121:Infinity":40,"s:122:24:122:Infinity":41,"f:122:38:122:43":10,"s:122:43:122:74":42,"s:123:8:123:Infinity":43}}}
,"C:\\Users\\kondu\\OneDrive\\Desktop\\B.TECH\\6 SEM\\Software Engineering\\FInal_Project\\zero-vault-sprint-1\\zero-vault-sprint-1\\client\\src\\shared\\utils\\passwordGenerator.ts": {"path":"C:\\Users\\kondu\\OneDrive\\Desktop\\B.TECH\\6 SEM\\Software Engineering\\FInal_Project\\zero-vault-sprint-1\\zero-vault-sprint-1\\client\\src\\shared\\utils\\passwordGenerator.ts","statementMap":{"0":{"start":{"line":1,"column":32},"end":{"line":27,"column":null}},"1":{"start":{"line":8,"column":18},"end":{"line":8,"column":null}},"2":{"start":{"line":9,"column":4},"end":{"line":9,"column":null}},"3":{"start":{"line":9,"column":26},"end":{"line":9,"column":null}},"4":{"start":{"line":10,"column":4},"end":{"line":10,"column":null}},"5":{"start":{"line":10,"column":26},"end":{"line":10,"column":null}},"6":{"start":{"line":11,"column":4},"end":{"line":11,"column":null}},"7":{"start":{"line":11,"column":24},"end":{"line":11,"column":null}},"8":{"start":{"line":12,"column":4},"end":{"line":12,"column":null}},"9":{"start":{"line":12,"column":24},"end":{"line":12,"column":null}},"10":{"start":{"line":14,"column":4},"end":{"line":16,"column":null}},"11":{"start":{"line":15,"column":8},"end":{"line":15,"column":null}},"12":{"start":{"line":18,"column":19},"end":{"line":18,"column":null}},"13":{"start":{"line":19,"column":18},"end":{"line":19,"column":null}},"14":{"start":{"line":20,"column":4},"end":{"line":20,"column":null}},"15":{"start":{"line":22,"column":4},"end":{"line":24,"column":null}},"16":{"start":{"line":22,"column":17},"end":{"line":22,"column":20}},"17":{"start":{"line":23,"column":8},"end":{"line":23,"column":null}},"18":{"start":{"line":26,"column":4},"end":{"line":26,"column":null}}},"fnMap":{"0":{"name":"(anonymous_0)","decl":{"start":{"line":1,"column":32},"end":{"line":1,"column":null}},"loc":{"start":{"line":7,"column":13},"end":{"line":27,"column":null}},"line":7}},"branchMap":{"0":{"loc":{"start":{"line":9,"column":4},"end":{"line":9,"column":null}},"type":"if","locations":[{"start":{"line":9,"column":4},"end":{"line":9,"column":null}},{"start":{},"end":{}}],"line":9},"1":{"loc":{"start":{"line":10,"column":4},"end":{"line":10,"column":null}},"type":"if","locations":[{"start":{"line":10,"column":4},"end":{"line":10,"column":null}},{"start":{},"end":{}}],"line":10},"2":{"loc":{"start":{"line":11,"column":4},"end":{"line":11,"column":null}},"type":"if","locations":[{"start":{"line":11,"column":4},"end":{"line":11,"column":null}},{"start":{},"end":{}}],"line":11},"3":{"loc":{"start":{"line":12,"column":4},"end":{"line":12,"column":null}},"type":"if","locations":[{"start":{"line":12,"column":4},"end":{"line":12,"column":null}},{"start":{},"end":{}}],"line":12},"4":{"loc":{"start":{"line":14,"column":4},"end":{"line":16,"column":null}},"type":"if","locations":[{"start":{"line":14,"column":4},"end":{"line":16,"column":null}},{"start":{},"end":{}}],"line":14}},"s":{"0":1,"1":5,"2":5,"3":4,"4":5,"5":4,"6":5,"7":4,"8":5,"9":4,"10":5,"11":0,"12":5,"13":5,"14":5,"15":5,"16":5,"17":160,"18":5},"f":{"0":5},"b":{"0":[4,1],"1":[4,1],"2":[4,1],"3":[4,1],"4":[0,5]},"meta":{"lastBranch":5,"lastFunction":1,"lastStatement":19,"seen":{"s:1:32:27:Infinity":0,"f:1:32:1:Infinity":0,"s:8:18:8:Infinity":1,"b:9:4:9:Infinity:undefined:undefined:undefined:undefined":0,"s:9:4:9:Infinity":2,"s:9:26:9:Infinity":3,"b:10:4:10:Infinity:undefined:undefined:undefined:undefined":1,"s:10:4:10:Infinity":4,"s:10:26:10:Infinity":5,"b:11:4:11:Infinity:undefined:undefined:undefined:undefined":2,"s:11:4:11:Infinity":6,"s:11:24:11:Infinity":7,"b:12:4:12:Infinity:undefined:undefined:undefined:undefined":3,"s:12:4:12:Infinity":8,"s:12:24:12:Infinity":9,"b:14:4:16:Infinity:undefined:undefined:undefined:undefined":4,"s:14:4:16:Infinity":10,"s:15:8:15:Infinity":11,"s:18:19:18:Infinity":12,"s:19:18:19:Infinity":13,"s:20:4:20:Infinity":14,"s:22:4:24:Infinity":15,"s:22:17:22:20":16,"s:23:8:23:Infinity":17,"s:26:4:26:Infinity":18}}}
,"C:\\Users\\kondu\\OneDrive\\Desktop\\B.TECH\\6 SEM\\Software Engineering\\FInal_Project\\zero-vault-sprint-1\\zero-vault-sprint-1\\client\\src\\shared\\utils\\passwordStrength.ts": {"path":"C:\\Users\\kondu\\OneDrive\\Desktop\\B.TECH\\6 SEM\\Software Engineering\\FInal_Project\\zero-vault-sprint-1\\zero-vault-sprint-1\\client\\src\\shared\\utils\\passwordStrength.ts","statementMap":{"0":{"start":{"line":14,"column":16},"end":{"line":14,"column":null}},"1":{"start":{"line":16,"column":4},"end":{"line":16,"column":null}},"2":{"start":{"line":16,"column":19},"end":{"line":16,"column":null}},"3":{"start":{"line":19,"column":4},"end":{"line":19,"column":null}},"4":{"start":{"line":19,"column":30},"end":{"line":19,"column":null}},"5":{"start":{"line":20,"column":4},"end":{"line":20,"column":null}},"6":{"start":{"line":20,"column":31},"end":{"line":20,"column":null}},"7":{"start":{"line":23,"column":4},"end":{"line":23,"column":null}},"8":{"start":{"line":23,"column":58},"end":{"line":23,"column":null}},"9":{"start":{"line":24,"column":4},"end":{"line":24,"column":null}},"10":{"start":{"line":24,"column":29},"end":{"line":24,"column":null}},"11":{"start":{"line":25,"column":4},"end":{"line":25,"column":null}},"12":{"start":{"line":25,"column":39},"end":{"line":25,"column":null}},"13":{"start":{"line":28,"column":4},"end":{"line":28,"column":null}},"14":{"start":{"line":30,"column":22},"end":{"line":36,"column":null}},"15":{"start":{"line":38,"column":4},"end":{"line":38,"column":null}},"16":{"start":{"line":50,"column":28},"end":{"line":55,"column":null}},"17":{"start":{"line":57,"column":4},"end":{"line":57,"column":null}},"18":{"start":{"line":57,"column":19},"end":{"line":57,"column":null}},"19":{"start":{"line":58,"column":4},"end":{"line":58,"column":null}}},"fnMap":{"0":{"name":"calculatePasswordStrength","decl":{"start":{"line":9,"column":16},"end":{"line":9,"column":42}},"loc":{"start":{"line":13,"column":2},"end":{"line":39,"column":null}},"line":13},"1":{"name":"isCommonPassword","decl":{"start":{"line":49,"column":16},"end":{"line":49,"column":33}},"loc":{"start":{"line":49,"column":60},"end":{"line":59,"column":null}},"line":49}},"branchMap":{"0":{"loc":{"start":{"line":16,"column":4},"end":{"line":16,"column":null}},"type":"if","locations":[{"start":{"line":16,"column":4},"end":{"line":16,"column":null}},{"start":{},"end":{}}],"line":16},"1":{"loc":{"start":{"line":19,"column":4},"end":{"line":19,"column":null}},"type":"if","locations":[{"start":{"line":19,"column":4},"end":{"line":19,"column":null}},{"start":{},"end":{}}],"line":19},"2":{"loc":{"start":{"line":20,"column":4},"end":{"line":20,"column":null}},"type":"if","locations":[{"start":{"line":20,"column":4},"end":{"line":20,"column":null}},{"start":{},"end":{}}],"line":20},"3":{"loc":{"start":{"line":23,"column":4},"end":{"line":23,"column":null}},"type":"if","locations":[{"start":{"line":23,"column":4},"end":{"line":23,"column":null}},{"start":{},"end":{}}],"line":23},"4":{"loc":{"start":{"line":23,"column":8},"end":{"line":23,"column":58}},"type":"binary-expr","locations":[{"start":{"line":23,"column":8},"end":{"line":23,"column":34}},{"start":{"line":23,"column":34},"end":{"line":23,"column":58}}],"line":23},"5":{"loc":{"start":{"line":24,"column":4},"end":{"line":24,"column":null}},"type":"if","locations":[{"start":{"line":24,"column":4},"end":{"line":24,"column":null}},{"start":{},"end":{}}],"line":24},"6":{"loc":{"start":{"line":25,"column":4},"end":{"line":25,"column":null}},"type":"if","locations":[{"start":{"line":25,"column":4},"end":{"line":25,"column":null}},{"start":{},"end":{}}],"line":25},"7":{"loc":{"start":{"line":57,"column":4},"end":{"line":57,"column":null}},"type":"if","locations":[{"start":{"line":57,"column":4},"end":{"line":57,"column":null}},{"start":{},"end":{}}],"line":57}},"s":{"0":6,"1":6,"2":1,"3":5,"4":3,"5":5,"6":2,"7":5,"8":2,"9":5,"10":3,"11":5,"12":2,"13":5,"14":5,"15":5,"16":3,"17":3,"18":0,"19":3},"f":{"0":6,"1":3},"b":{"0":[1,5],"1":[3,2],"2":[2,3],"3":[2,3],"4":[5,4],"5":[3,2],"6":[2,3],"7":[0,3]},"meta":{"lastBranch":8,"lastFunction":2,"lastStatement":20,"seen":{"f:9:16:9:42":0,"s:14:16:14:Infinity":0,"b:16:4:16:Infinity:undefined:undefined:undefined:undefined":0,"s:16:4:16:Infinity":1,"s:16:19:16:Infinity":2,"b:19:4:19:Infinity:undefined:undefined:undefined:undefined":1,"s:19:4:19:Infinity":3,"s:19:30:19:Infinity":4,"b:20:4:20:Infinity:undefined:undefined:undefined:undefined":2,"s:20:4:20:Infinity":5,"s:20:31:20:Infinity":6,"b:23:4:23:Infinity:undefined:undefined:undefined:undefined":3,"s:23:4:23:Infinity":7,"b:23:8:23:34:23:34:23:58":4,"s:23:58:23:Infinity":8,"b:24:4:24:Infinity:undefined:undefined:undefined:undefined":5,"s:24:4:24:Infinity":9,"s:24:29:24:Infinity":10,"b:25:4:25:Infinity:undefined:undefined:undefined:undefined":6,"s:25:4:25:Infinity":11,"s:25:39:25:Infinity":12,"s:28:4:28:Infinity":13,"s:30:22:36:Infinity":14,"s:38:4:38:Infinity":15,"f:49:16:49:33":1,"s:50:28:55:Infinity":16,"b:57:4:57:Infinity:undefined:undefined:undefined:undefined":7,"s:57:4:57:Infinity":17,"s:57:19:57:Infinity":18,"s:58:4:58:Infinity":19}}}
}
